{"/Users/macbookpro/source/royal-card-game/src/App.jsx": {"path":"/Users/macbookpro/source/royal-card-game/src/App.jsx","all":false,"statementMap":{"0":{"start":{"line":1,"column":0},"end":{"line":1,"column":33}},"1":{"start":{"line":2,"column":0},"end":{"line":2,"column":33}},"2":{"start":{"line":3,"column":0},"end":{"line":3,"column":38}},"5":{"start":{"line":6,"column":0},"end":{"line":6,"column":79}},"8":{"start":{"line":9,"column":0},"end":{"line":9,"column":8}},"18":{"start":{"line":19,"column":0},"end":{"line":19,"column":41}},"21":{"start":{"line":22,"column":0},"end":{"line":22,"column":8}},"29":{"start":{"line":30,"column":0},"end":{"line":30,"column":33}},"31":{"start":{"line":32,"column":0},"end":{"line":32,"column":16}},"33":{"start":{"line":34,"column":0},"end":{"line":34,"column":44}},"36":{"start":{"line":37,"column":0},"end":{"line":37,"column":37}},"39":{"start":{"line":40,"column":0},"end":{"line":40,"column":68}},"40":{"start":{"line":41,"column":0},"end":{"line":41,"column":20}},"43":{"start":{"line":44,"column":0},"end":{"line":44,"column":78}},"44":{"start":{"line":45,"column":0},"end":{"line":45,"column":57}},"45":{"start":{"line":46,"column":0},"end":{"line":46,"column":29}},"46":{"start":{"line":47,"column":0},"end":{"line":47,"column":4}},"47":{"start":{"line":48,"column":0},"end":{"line":48,"column":60}},"50":{"start":{"line":51,"column":0},"end":{"line":51,"column":9}},"51":{"start":{"line":52,"column":0},"end":{"line":52,"column":14}},"52":{"start":{"line":53,"column":0},"end":{"line":53,"column":12}},"53":{"start":{"line":54,"column":0},"end":{"line":54,"column":18}},"54":{"start":{"line":55,"column":0},"end":{"line":55,"column":18}},"55":{"start":{"line":56,"column":0},"end":{"line":56,"column":16}},"56":{"start":{"line":57,"column":0},"end":{"line":57,"column":21}},"57":{"start":{"line":58,"column":0},"end":{"line":58,"column":16}},"58":{"start":{"line":59,"column":0},"end":{"line":59,"column":20}},"59":{"start":{"line":60,"column":0},"end":{"line":60,"column":17}},"60":{"start":{"line":61,"column":0},"end":{"line":61,"column":14}},"61":{"start":{"line":62,"column":0},"end":{"line":62,"column":14}},"62":{"start":{"line":63,"column":0},"end":{"line":63,"column":18}},"63":{"start":{"line":64,"column":0},"end":{"line":64,"column":20}},"64":{"start":{"line":65,"column":0},"end":{"line":65,"column":19}},"65":{"start":{"line":66,"column":0},"end":{"line":66,"column":15}},"66":{"start":{"line":67,"column":0},"end":{"line":67,"column":18}},"67":{"start":{"line":68,"column":0},"end":{"line":68,"column":21}},"68":{"start":{"line":69,"column":0},"end":{"line":69,"column":20}},"69":{"start":{"line":70,"column":0},"end":{"line":70,"column":19}},"70":{"start":{"line":71,"column":0},"end":{"line":71,"column":36}},"73":{"start":{"line":74,"column":0},"end":{"line":74,"column":22}},"74":{"start":{"line":75,"column":0},"end":{"line":75,"column":46}},"75":{"start":{"line":76,"column":0},"end":{"line":76,"column":46}},"76":{"start":{"line":77,"column":0},"end":{"line":77,"column":47}},"78":{"start":{"line":79,"column":0},"end":{"line":79,"column":10}},"79":{"start":{"line":80,"column":0},"end":{"line":80,"column":6}},"81":{"start":{"line":82,"column":0},"end":{"line":82,"column":29}},"82":{"start":{"line":83,"column":0},"end":{"line":83,"column":22}},"83":{"start":{"line":84,"column":0},"end":{"line":84,"column":34}},"84":{"start":{"line":85,"column":0},"end":{"line":85,"column":51}},"85":{"start":{"line":86,"column":0},"end":{"line":86,"column":31}},"86":{"start":{"line":87,"column":0},"end":{"line":87,"column":23}},"87":{"start":{"line":88,"column":0},"end":{"line":88,"column":10}},"91":{"start":{"line":92,"column":0},"end":{"line":92,"column":10}},"92":{"start":{"line":93,"column":0},"end":{"line":93,"column":72}},"93":{"start":{"line":94,"column":0},"end":{"line":94,"column":57}},"94":{"start":{"line":95,"column":0},"end":{"line":95,"column":11}},"95":{"start":{"line":96,"column":0},"end":{"line":96,"column":16}},"96":{"start":{"line":97,"column":0},"end":{"line":97,"column":21}},"97":{"start":{"line":98,"column":0},"end":{"line":98,"column":127}},"98":{"start":{"line":99,"column":0},"end":{"line":99,"column":46}},"99":{"start":{"line":100,"column":0},"end":{"line":100,"column":10}},"102":{"start":{"line":103,"column":0},"end":{"line":103,"column":26}},"103":{"start":{"line":104,"column":0},"end":{"line":104,"column":19}},"104":{"start":{"line":105,"column":0},"end":{"line":105,"column":36}},"105":{"start":{"line":106,"column":0},"end":{"line":106,"column":38}},"106":{"start":{"line":107,"column":0},"end":{"line":107,"column":27}},"107":{"start":{"line":108,"column":0},"end":{"line":108,"column":32}},"108":{"start":{"line":109,"column":0},"end":{"line":109,"column":25}},"109":{"start":{"line":110,"column":0},"end":{"line":110,"column":36}},"110":{"start":{"line":111,"column":0},"end":{"line":111,"column":12}},"114":{"start":{"line":115,"column":0},"end":{"line":115,"column":16}},"115":{"start":{"line":116,"column":0},"end":{"line":116,"column":22}},"116":{"start":{"line":117,"column":0},"end":{"line":117,"column":33}},"117":{"start":{"line":118,"column":0},"end":{"line":118,"column":29}},"118":{"start":{"line":119,"column":0},"end":{"line":119,"column":20}},"119":{"start":{"line":120,"column":0},"end":{"line":120,"column":24}},"120":{"start":{"line":121,"column":0},"end":{"line":121,"column":27}},"121":{"start":{"line":122,"column":0},"end":{"line":122,"column":17}},"122":{"start":{"line":123,"column":0},"end":{"line":123,"column":25}},"123":{"start":{"line":124,"column":0},"end":{"line":124,"column":20}},"124":{"start":{"line":125,"column":0},"end":{"line":125,"column":52}},"125":{"start":{"line":126,"column":0},"end":{"line":126,"column":62}},"126":{"start":{"line":127,"column":0},"end":{"line":127,"column":49}},"127":{"start":{"line":128,"column":0},"end":{"line":128,"column":34}},"128":{"start":{"line":129,"column":0},"end":{"line":129,"column":32}},"129":{"start":{"line":130,"column":0},"end":{"line":130,"column":34}},"130":{"start":{"line":131,"column":0},"end":{"line":131,"column":42}},"131":{"start":{"line":132,"column":0},"end":{"line":132,"column":44}},"132":{"start":{"line":133,"column":0},"end":{"line":133,"column":14}},"133":{"start":{"line":134,"column":0},"end":{"line":134,"column":27}},"134":{"start":{"line":135,"column":0},"end":{"line":135,"column":12}},"135":{"start":{"line":136,"column":0},"end":{"line":136,"column":10}},"138":{"start":{"line":139,"column":0},"end":{"line":139,"column":15}},"139":{"start":{"line":140,"column":0},"end":{"line":140,"column":23}},"140":{"start":{"line":141,"column":0},"end":{"line":141,"column":35}},"141":{"start":{"line":142,"column":0},"end":{"line":142,"column":39}},"142":{"start":{"line":143,"column":0},"end":{"line":143,"column":45}},"143":{"start":{"line":144,"column":0},"end":{"line":144,"column":43}},"144":{"start":{"line":145,"column":0},"end":{"line":145,"column":49}},"145":{"start":{"line":146,"column":0},"end":{"line":146,"column":43}},"146":{"start":{"line":147,"column":0},"end":{"line":147,"column":49}},"147":{"start":{"line":148,"column":0},"end":{"line":148,"column":29}},"148":{"start":{"line":149,"column":0},"end":{"line":149,"column":31}},"149":{"start":{"line":150,"column":0},"end":{"line":150,"column":10}},"152":{"start":{"line":153,"column":0},"end":{"line":153,"column":12}},"153":{"start":{"line":154,"column":0},"end":{"line":154,"column":88}},"154":{"start":{"line":155,"column":0},"end":{"line":155,"column":18}},"155":{"start":{"line":156,"column":0},"end":{"line":156,"column":64}},"156":{"start":{"line":157,"column":0},"end":{"line":157,"column":66}},"157":{"start":{"line":158,"column":0},"end":{"line":158,"column":12}},"160":{"start":{"line":161,"column":0},"end":{"line":161,"column":55}},"161":{"start":{"line":162,"column":0},"end":{"line":162,"column":67}},"165":{"start":{"line":166,"column":0},"end":{"line":166,"column":28}},"166":{"start":{"line":167,"column":0},"end":{"line":167,"column":68}},"168":{"start":{"line":169,"column":0},"end":{"line":169,"column":26}},"169":{"start":{"line":170,"column":0},"end":{"line":170,"column":33}},"170":{"start":{"line":171,"column":0},"end":{"line":171,"column":41}},"171":{"start":{"line":172,"column":0},"end":{"line":172,"column":55}},"172":{"start":{"line":173,"column":0},"end":{"line":173,"column":41}},"173":{"start":{"line":174,"column":0},"end":{"line":174,"column":60}},"174":{"start":{"line":175,"column":0},"end":{"line":175,"column":16}},"177":{"start":{"line":178,"column":0},"end":{"line":178,"column":24}},"178":{"start":{"line":179,"column":0},"end":{"line":179,"column":33}},"179":{"start":{"line":180,"column":0},"end":{"line":180,"column":37}},"180":{"start":{"line":181,"column":0},"end":{"line":181,"column":45}},"181":{"start":{"line":182,"column":0},"end":{"line":182,"column":45}},"182":{"start":{"line":183,"column":0},"end":{"line":183,"column":41}},"183":{"start":{"line":184,"column":0},"end":{"line":184,"column":45}},"184":{"start":{"line":185,"column":0},"end":{"line":185,"column":49}},"185":{"start":{"line":186,"column":0},"end":{"line":186,"column":51}},"186":{"start":{"line":187,"column":0},"end":{"line":187,"column":41}},"187":{"start":{"line":188,"column":0},"end":{"line":188,"column":47}},"188":{"start":{"line":189,"column":0},"end":{"line":189,"column":39}},"189":{"start":{"line":190,"column":0},"end":{"line":190,"column":49}},"190":{"start":{"line":191,"column":0},"end":{"line":191,"column":45}},"191":{"start":{"line":192,"column":0},"end":{"line":192,"column":51}},"192":{"start":{"line":193,"column":0},"end":{"line":193,"column":49}},"193":{"start":{"line":194,"column":0},"end":{"line":194,"column":47}},"194":{"start":{"line":195,"column":0},"end":{"line":195,"column":16}},"195":{"start":{"line":196,"column":0},"end":{"line":196,"column":18}},"199":{"start":{"line":200,"column":0},"end":{"line":200,"column":31}},"200":{"start":{"line":201,"column":0},"end":{"line":201,"column":24}},"201":{"start":{"line":202,"column":0},"end":{"line":202,"column":31}},"202":{"start":{"line":203,"column":0},"end":{"line":203,"column":39}},"203":{"start":{"line":204,"column":0},"end":{"line":204,"column":43}},"204":{"start":{"line":205,"column":0},"end":{"line":205,"column":35}},"205":{"start":{"line":206,"column":0},"end":{"line":206,"column":14}},"207":{"start":{"line":208,"column":0},"end":{"line":208,"column":14}},"208":{"start":{"line":209,"column":0},"end":{"line":209,"column":12}},"209":{"start":{"line":210,"column":0},"end":{"line":210,"column":7}},"211":{"start":{"line":212,"column":0},"end":{"line":212,"column":1}},"213":{"start":{"line":214,"column":0},"end":{"line":214,"column":19}}},"s":{"0":1,"1":1,"2":1,"5":1,"8":1,"18":1,"21":1,"29":1,"31":23,"33":23,"36":23,"39":23,"40":23,"43":23,"44":23,"45":23,"46":23,"47":23,"50":23,"51":23,"52":23,"53":23,"54":23,"55":23,"56":23,"57":23,"58":23,"59":23,"60":23,"61":23,"62":23,"63":23,"64":23,"65":23,"66":23,"67":23,"68":23,"69":23,"70":23,"73":23,"74":23,"75":23,"76":23,"78":23,"79":23,"81":23,"82":0,"83":0,"84":0,"85":0,"86":0,"87":0,"91":23,"92":23,"93":23,"94":23,"95":23,"96":23,"97":23,"98":23,"99":23,"102":23,"103":0,"104":0,"105":0,"106":0,"107":0,"108":0,"109":0,"110":0,"114":23,"115":23,"116":23,"117":23,"118":23,"119":23,"120":23,"121":23,"122":23,"123":23,"124":23,"125":23,"126":23,"127":23,"128":23,"129":23,"130":23,"131":23,"132":23,"133":23,"134":23,"135":23,"138":23,"139":23,"140":23,"141":23,"142":23,"143":23,"144":23,"145":23,"146":23,"147":23,"148":23,"149":23,"152":23,"153":23,"154":23,"155":23,"156":23,"157":23,"160":23,"161":23,"165":23,"166":0,"168":0,"169":0,"170":0,"171":0,"172":0,"173":0,"174":0,"177":0,"178":0,"179":0,"180":0,"181":0,"182":0,"183":0,"184":0,"185":0,"186":0,"187":0,"188":0,"189":0,"190":0,"191":0,"192":0,"193":0,"194":0,"195":0,"199":23,"200":0,"201":0,"202":0,"203":0,"204":0,"205":0,"207":23,"208":23,"209":23,"211":23,"213":1},"branchMap":{"0":{"type":"branch","line":32,"loc":{"start":{"line":32,"column":0},"end":{"line":212,"column":1}},"locations":[{"start":{"line":32,"column":0},"end":{"line":212,"column":1}}]},"1":{"type":"branch","line":82,"loc":{"start":{"line":82,"column":7},"end":{"line":88,"column":10}},"locations":[{"start":{"line":82,"column":7},"end":{"line":88,"column":10}}]},"2":{"type":"branch","line":94,"loc":{"start":{"line":94,"column":10},"end":{"line":94,"column":44}},"locations":[{"start":{"line":94,"column":10},"end":{"line":94,"column":44}}]},"3":{"type":"branch","line":103,"loc":{"start":{"line":103,"column":9},"end":{"line":111,"column":12}},"locations":[{"start":{"line":103,"column":9},"end":{"line":111,"column":12}}]},"4":{"type":"branch","line":166,"loc":{"start":{"line":166,"column":11},"end":{"line":196,"column":18}},"locations":[{"start":{"line":166,"column":11},"end":{"line":196,"column":18}}]},"5":{"type":"branch","line":200,"loc":{"start":{"line":200,"column":11},"end":{"line":206,"column":14}},"locations":[{"start":{"line":200,"column":11},"end":{"line":206,"column":14}}]}},"b":{"0":[23],"1":[0],"2":[0],"3":[0],"4":[0],"5":[0]},"fnMap":{"0":{"name":"App","decl":{"start":{"line":32,"column":0},"end":{"line":212,"column":1}},"loc":{"start":{"line":32,"column":0},"end":{"line":212,"column":1}},"line":32}},"f":{"0":23}}
,"/Users/macbookpro/source/royal-card-game/src/components/Card.jsx": {"path":"/Users/macbookpro/source/royal-card-game/src/components/Card.jsx","all":false,"statementMap":{"0":{"start":{"line":1,"column":0},"end":{"line":1,"column":44}},"1":{"start":{"line":2,"column":0},"end":{"line":2,"column":35}},"2":{"start":{"line":3,"column":0},"end":{"line":3,"column":8}},"8":{"start":{"line":9,"column":0},"end":{"line":9,"column":15}},"9":{"start":{"line":10,"column":0},"end":{"line":10,"column":7}},"10":{"start":{"line":11,"column":0},"end":{"line":11,"column":8}},"11":{"start":{"line":12,"column":0},"end":{"line":12,"column":13}},"12":{"start":{"line":13,"column":0},"end":{"line":13,"column":13}},"13":{"start":{"line":14,"column":0},"end":{"line":14,"column":13}},"14":{"start":{"line":15,"column":0},"end":{"line":15,"column":12}},"15":{"start":{"line":16,"column":0},"end":{"line":16,"column":14}},"16":{"start":{"line":17,"column":0},"end":{"line":17,"column":12}},"17":{"start":{"line":18,"column":0},"end":{"line":18,"column":15}},"18":{"start":{"line":19,"column":0},"end":{"line":19,"column":14}},"19":{"start":{"line":20,"column":0},"end":{"line":20,"column":13}},"20":{"start":{"line":21,"column":0},"end":{"line":21,"column":7}},"21":{"start":{"line":22,"column":0},"end":{"line":22,"column":41}},"22":{"start":{"line":23,"column":0},"end":{"line":23,"column":38}},"23":{"start":{"line":24,"column":0},"end":{"line":24,"column":44}},"24":{"start":{"line":25,"column":0},"end":{"line":25,"column":43}},"25":{"start":{"line":26,"column":0},"end":{"line":26,"column":45}},"26":{"start":{"line":27,"column":0},"end":{"line":27,"column":52}},"27":{"start":{"line":28,"column":0},"end":{"line":28,"column":55}},"29":{"start":{"line":30,"column":0},"end":{"line":30,"column":19}},"30":{"start":{"line":31,"column":0},"end":{"line":31,"column":20}},"31":{"start":{"line":32,"column":0},"end":{"line":32,"column":61}},"32":{"start":{"line":33,"column":0},"end":{"line":33,"column":39}},"33":{"start":{"line":34,"column":0},"end":{"line":34,"column":5}},"34":{"start":{"line":35,"column":0},"end":{"line":35,"column":18}},"36":{"start":{"line":37,"column":0},"end":{"line":37,"column":51}},"38":{"start":{"line":39,"column":0},"end":{"line":39,"column":10}},"39":{"start":{"line":40,"column":0},"end":{"line":40,"column":8}},"40":{"start":{"line":41,"column":0},"end":{"line":41,"column":28}},"41":{"start":{"line":42,"column":0},"end":{"line":42,"column":31}},"42":{"start":{"line":43,"column":0},"end":{"line":43,"column":27}},"43":{"start":{"line":44,"column":0},"end":{"line":44,"column":33}},"44":{"start":{"line":45,"column":0},"end":{"line":45,"column":31}},"45":{"start":{"line":46,"column":0},"end":{"line":46,"column":29}},"46":{"start":{"line":47,"column":0},"end":{"line":47,"column":144}},"47":{"start":{"line":48,"column":0},"end":{"line":48,"column":14}},"48":{"start":{"line":49,"column":0},"end":{"line":49,"column":44}},"49":{"start":{"line":50,"column":0},"end":{"line":50,"column":42}},"50":{"start":{"line":51,"column":0},"end":{"line":51,"column":43}},"51":{"start":{"line":52,"column":0},"end":{"line":52,"column":47}},"52":{"start":{"line":53,"column":0},"end":{"line":53,"column":46}},"53":{"start":{"line":54,"column":0},"end":{"line":54,"column":8}},"55":{"start":{"line":56,"column":0},"end":{"line":56,"column":10}},"56":{"start":{"line":57,"column":0},"end":{"line":57,"column":30}},"57":{"start":{"line":58,"column":0},"end":{"line":58,"column":16}},"58":{"start":{"line":59,"column":0},"end":{"line":59,"column":42}},"59":{"start":{"line":60,"column":0},"end":{"line":60,"column":44}},"60":{"start":{"line":61,"column":0},"end":{"line":61,"column":48}},"61":{"start":{"line":62,"column":0},"end":{"line":62,"column":55}},"62":{"start":{"line":63,"column":0},"end":{"line":63,"column":43}},"63":{"start":{"line":64,"column":0},"end":{"line":64,"column":26}},"64":{"start":{"line":65,"column":0},"end":{"line":65,"column":34}},"65":{"start":{"line":66,"column":0},"end":{"line":66,"column":31}},"66":{"start":{"line":67,"column":0},"end":{"line":67,"column":35}},"67":{"start":{"line":68,"column":0},"end":{"line":68,"column":21}},"68":{"start":{"line":69,"column":0},"end":{"line":69,"column":25}},"69":{"start":{"line":70,"column":0},"end":{"line":70,"column":27}},"70":{"start":{"line":71,"column":0},"end":{"line":71,"column":78}},"71":{"start":{"line":72,"column":0},"end":{"line":72,"column":43}},"72":{"start":{"line":73,"column":0},"end":{"line":73,"column":29}},"73":{"start":{"line":74,"column":0},"end":{"line":74,"column":10}},"75":{"start":{"line":76,"column":0},"end":{"line":76,"column":12}},"76":{"start":{"line":77,"column":0},"end":{"line":77,"column":31}},"77":{"start":{"line":78,"column":0},"end":{"line":78,"column":18}},"78":{"start":{"line":79,"column":0},"end":{"line":79,"column":49}},"79":{"start":{"line":80,"column":0},"end":{"line":80,"column":26}},"80":{"start":{"line":81,"column":0},"end":{"line":81,"column":12}},"82":{"start":{"line":83,"column":0},"end":{"line":83,"column":16}},"83":{"start":{"line":84,"column":0},"end":{"line":84,"column":14}},"84":{"start":{"line":85,"column":0},"end":{"line":85,"column":12}},"85":{"start":{"line":86,"column":0},"end":{"line":86,"column":18}},"86":{"start":{"line":87,"column":0},"end":{"line":87,"column":47}},"87":{"start":{"line":88,"column":0},"end":{"line":88,"column":26}},"88":{"start":{"line":89,"column":0},"end":{"line":89,"column":28}},"89":{"start":{"line":90,"column":0},"end":{"line":90,"column":33}},"90":{"start":{"line":91,"column":0},"end":{"line":91,"column":37}},"91":{"start":{"line":92,"column":0},"end":{"line":92,"column":12}},"93":{"start":{"line":94,"column":0},"end":{"line":94,"column":16}},"94":{"start":{"line":95,"column":0},"end":{"line":95,"column":14}},"95":{"start":{"line":96,"column":0},"end":{"line":96,"column":12}},"96":{"start":{"line":97,"column":0},"end":{"line":97,"column":10}},"98":{"start":{"line":99,"column":0},"end":{"line":99,"column":2}},"100":{"start":{"line":101,"column":0},"end":{"line":101,"column":18}},"101":{"start":{"line":102,"column":0},"end":{"line":102,"column":25}},"102":{"start":{"line":103,"column":0},"end":{"line":103,"column":36}},"103":{"start":{"line":104,"column":0},"end":{"line":104,"column":38}},"104":{"start":{"line":105,"column":0},"end":{"line":105,"column":38}},"105":{"start":{"line":106,"column":0},"end":{"line":106,"column":39}},"106":{"start":{"line":107,"column":0},"end":{"line":107,"column":16}},"107":{"start":{"line":108,"column":0},"end":{"line":108,"column":37}},"108":{"start":{"line":109,"column":0},"end":{"line":109,"column":42}},"109":{"start":{"line":110,"column":0},"end":{"line":110,"column":40}},"110":{"start":{"line":111,"column":0},"end":{"line":111,"column":40}},"111":{"start":{"line":112,"column":0},"end":{"line":112,"column":39}},"112":{"start":{"line":113,"column":0},"end":{"line":113,"column":41}},"113":{"start":{"line":114,"column":0},"end":{"line":114,"column":39}},"114":{"start":{"line":115,"column":0},"end":{"line":115,"column":42}},"115":{"start":{"line":116,"column":0},"end":{"line":116,"column":41}},"116":{"start":{"line":117,"column":0},"end":{"line":117,"column":40}},"117":{"start":{"line":118,"column":0},"end":{"line":118,"column":2}},"119":{"start":{"line":120,"column":0},"end":{"line":120,"column":20}}},"s":{"0":1,"1":1,"2":1,"8":1,"9":284,"10":284,"11":284,"12":284,"13":284,"14":284,"15":284,"16":284,"17":284,"18":284,"19":284,"20":284,"21":284,"22":284,"23":284,"24":284,"25":284,"26":284,"27":284,"29":284,"30":283,"31":9,"32":9,"33":9,"34":284,"36":284,"38":284,"39":284,"40":284,"41":284,"42":284,"43":284,"44":284,"45":284,"46":284,"47":284,"48":284,"49":284,"50":284,"51":284,"52":284,"53":284,"55":284,"56":284,"57":284,"58":284,"59":284,"60":284,"61":284,"62":284,"63":284,"64":284,"65":284,"66":284,"67":284,"68":284,"69":284,"70":284,"71":284,"72":284,"73":284,"75":284,"76":284,"77":284,"78":284,"79":284,"80":284,"82":284,"83":284,"84":284,"85":284,"86":284,"87":284,"88":284,"89":284,"90":284,"91":284,"93":284,"94":284,"95":284,"96":284,"98":284,"100":1,"101":1,"102":1,"103":1,"104":1,"105":1,"106":1,"107":1,"108":1,"109":1,"110":1,"111":1,"112":1,"113":1,"114":1,"115":1,"116":1,"117":1,"119":1},"branchMap":{"0":{"type":"branch","line":9,"loc":{"start":{"line":9,"column":13},"end":{"line":99,"column":2}},"locations":[{"start":{"line":9,"column":13},"end":{"line":99,"column":2}}]},"1":{"type":"branch","line":37,"loc":{"start":{"line":37,"column":28},"end":{"line":37,"column":51}},"locations":[{"start":{"line":37,"column":28},"end":{"line":37,"column":51}}]},"2":{"type":"branch","line":47,"loc":{"start":{"line":47,"column":30},"end":{"line":47,"column":56}},"locations":[{"start":{"line":47,"column":30},"end":{"line":47,"column":56}}]},"3":{"type":"branch","line":47,"loc":{"start":{"line":47,"column":43},"end":{"line":47,"column":66}},"locations":[{"start":{"line":47,"column":43},"end":{"line":47,"column":66}}]},"4":{"type":"branch","line":47,"loc":{"start":{"line":47,"column":70},"end":{"line":47,"column":96}},"locations":[{"start":{"line":47,"column":70},"end":{"line":47,"column":96}}]},"5":{"type":"branch","line":47,"loc":{"start":{"line":47,"column":83},"end":{"line":47,"column":98}},"locations":[{"start":{"line":47,"column":83},"end":{"line":47,"column":98}}]},"6":{"type":"branch","line":47,"loc":{"start":{"line":47,"column":102},"end":{"line":47,"column":139}},"locations":[{"start":{"line":47,"column":102},"end":{"line":47,"column":139}}]},"7":{"type":"branch","line":47,"loc":{"start":{"line":47,"column":122},"end":{"line":47,"column":141}},"locations":[{"start":{"line":47,"column":122},"end":{"line":47,"column":141}}]},"8":{"type":"branch","line":52,"loc":{"start":{"line":52,"column":30},"end":{"line":52,"column":40}},"locations":[{"start":{"line":52,"column":30},"end":{"line":52,"column":40}}]},"9":{"type":"branch","line":52,"loc":{"start":{"line":52,"column":34},"end":{"line":52,"column":47}},"locations":[{"start":{"line":52,"column":34},"end":{"line":52,"column":47}}]},"10":{"type":"branch","line":53,"loc":{"start":{"line":53,"column":16},"end":{"line":53,"column":35}},"locations":[{"start":{"line":53,"column":16},"end":{"line":53,"column":35}}]},"11":{"type":"branch","line":53,"loc":{"start":{"line":53,"column":29},"end":{"line":53,"column":46}},"locations":[{"start":{"line":53,"column":29},"end":{"line":53,"column":46}}]},"12":{"type":"branch","line":30,"loc":{"start":{"line":30,"column":12},"end":{"line":35,"column":5}},"locations":[{"start":{"line":30,"column":12},"end":{"line":35,"column":5}}]},"13":{"type":"branch","line":31,"loc":{"start":{"line":31,"column":19},"end":{"line":34,"column":5}},"locations":[{"start":{"line":31,"column":19},"end":{"line":34,"column":5}}]},"14":{"type":"branch","line":32,"loc":{"start":{"line":32,"column":31},"end":{"line":32,"column":56}},"locations":[{"start":{"line":32,"column":31},"end":{"line":32,"column":56}}]},"15":{"type":"branch","line":33,"loc":{"start":{"line":33,"column":13},"end":{"line":33,"column":39}},"locations":[{"start":{"line":33,"column":13},"end":{"line":33,"column":39}}]}},"b":{"0":[284],"1":[10],"2":[256],"3":[28],"4":[4],"5":[280],"6":[9],"7":[275],"8":[140],"9":[144],"10":[4],"11":[280],"12":[283],"13":[9],"14":[3],"15":[9]},"fnMap":{"0":{"name":"Card","decl":{"start":{"line":9,"column":13},"end":{"line":99,"column":2}},"loc":{"start":{"line":9,"column":13},"end":{"line":99,"column":2}},"line":9}},"f":{"0":284}}
,"/Users/macbookpro/source/royal-card-game/src/components/GameTable.jsx": {"path":"/Users/macbookpro/source/royal-card-game/src/components/GameTable.jsx","all":false,"statementMap":{"0":{"start":{"line":1,"column":0},"end":{"line":1,"column":44}},"1":{"start":{"line":2,"column":0},"end":{"line":2,"column":35}},"2":{"start":{"line":3,"column":0},"end":{"line":3,"column":40}},"3":{"start":{"line":4,"column":0},"end":{"line":4,"column":38}},"4":{"start":{"line":5,"column":0},"end":{"line":5,"column":34}},"6":{"start":{"line":7,"column":0},"end":{"line":7,"column":35}},"7":{"start":{"line":8,"column":0},"end":{"line":8,"column":52}},"8":{"start":{"line":9,"column":0},"end":{"line":9,"column":50}},"10":{"start":{"line":11,"column":0},"end":{"line":11,"column":19}},"11":{"start":{"line":12,"column":0},"end":{"line":12,"column":31}},"12":{"start":{"line":13,"column":0},"end":{"line":13,"column":42}},"13":{"start":{"line":14,"column":0},"end":{"line":14,"column":27}},"14":{"start":{"line":15,"column":0},"end":{"line":15,"column":26}},"15":{"start":{"line":16,"column":0},"end":{"line":16,"column":14}},"17":{"start":{"line":18,"column":0},"end":{"line":18,"column":42}},"18":{"start":{"line":19,"column":0},"end":{"line":19,"column":28}},"19":{"start":{"line":20,"column":0},"end":{"line":20,"column":15}},"21":{"start":{"line":22,"column":0},"end":{"line":22,"column":20}},"22":{"start":{"line":23,"column":0},"end":{"line":23,"column":32}},"23":{"start":{"line":24,"column":0},"end":{"line":24,"column":32}},"24":{"start":{"line":25,"column":0},"end":{"line":25,"column":8}},"25":{"start":{"line":26,"column":0},"end":{"line":26,"column":5}},"26":{"start":{"line":27,"column":0},"end":{"line":27,"column":26}},"28":{"start":{"line":29,"column":0},"end":{"line":29,"column":30}},"30":{"start":{"line":31,"column":0},"end":{"line":31,"column":10}},"31":{"start":{"line":32,"column":0},"end":{"line":32,"column":8}},"32":{"start":{"line":33,"column":0},"end":{"line":33,"column":27}},"33":{"start":{"line":34,"column":0},"end":{"line":34,"column":14}},"34":{"start":{"line":35,"column":0},"end":{"line":35,"column":29}},"35":{"start":{"line":36,"column":0},"end":{"line":36,"column":22}},"36":{"start":{"line":37,"column":0},"end":{"line":37,"column":20}},"37":{"start":{"line":38,"column":0},"end":{"line":38,"column":38}},"38":{"start":{"line":39,"column":0},"end":{"line":39,"column":19}},"39":{"start":{"line":40,"column":0},"end":{"line":40,"column":30}},"40":{"start":{"line":41,"column":0},"end":{"line":41,"column":8}},"42":{"start":{"line":43,"column":0},"end":{"line":43,"column":10}},"43":{"start":{"line":44,"column":0},"end":{"line":44,"column":16}},"44":{"start":{"line":45,"column":0},"end":{"line":45,"column":26}},"45":{"start":{"line":46,"column":0},"end":{"line":46,"column":34}},"46":{"start":{"line":47,"column":0},"end":{"line":47,"column":31}},"47":{"start":{"line":48,"column":0},"end":{"line":48,"column":21}},"48":{"start":{"line":49,"column":0},"end":{"line":49,"column":57}},"49":{"start":{"line":50,"column":0},"end":{"line":50,"column":10}},"52":{"start":{"line":53,"column":0},"end":{"line":53,"column":12}},"53":{"start":{"line":54,"column":0},"end":{"line":54,"column":18}},"54":{"start":{"line":55,"column":0},"end":{"line":55,"column":28}},"55":{"start":{"line":56,"column":0},"end":{"line":56,"column":36}},"56":{"start":{"line":57,"column":0},"end":{"line":57,"column":33}},"57":{"start":{"line":58,"column":0},"end":{"line":58,"column":62}},"58":{"start":{"line":59,"column":0},"end":{"line":59,"column":12}},"60":{"start":{"line":61,"column":0},"end":{"line":61,"column":14}},"61":{"start":{"line":62,"column":0},"end":{"line":62,"column":22}},"62":{"start":{"line":63,"column":0},"end":{"line":63,"column":23}},"63":{"start":{"line":64,"column":0},"end":{"line":64,"column":31}},"64":{"start":{"line":65,"column":0},"end":{"line":65,"column":23}},"65":{"start":{"line":66,"column":0},"end":{"line":66,"column":36}},"67":{"start":{"line":68,"column":0},"end":{"line":68,"column":17}},"68":{"start":{"line":69,"column":0},"end":{"line":69,"column":49}},"69":{"start":{"line":70,"column":0},"end":{"line":70,"column":44}},"70":{"start":{"line":71,"column":0},"end":{"line":71,"column":14}},"71":{"start":{"line":72,"column":0},"end":{"line":72,"column":16}},"72":{"start":{"line":73,"column":0},"end":{"line":73,"column":14}},"75":{"start":{"line":76,"column":0},"end":{"line":76,"column":12}},"76":{"start":{"line":77,"column":0},"end":{"line":77,"column":18}},"77":{"start":{"line":78,"column":0},"end":{"line":78,"column":43}},"78":{"start":{"line":79,"column":0},"end":{"line":79,"column":49}},"79":{"start":{"line":80,"column":0},"end":{"line":80,"column":28}},"80":{"start":{"line":81,"column":0},"end":{"line":81,"column":47}},"81":{"start":{"line":82,"column":0},"end":{"line":82,"column":55}},"82":{"start":{"line":83,"column":0},"end":{"line":83,"column":45}},"83":{"start":{"line":84,"column":0},"end":{"line":84,"column":32}},"84":{"start":{"line":85,"column":0},"end":{"line":85,"column":45}},"85":{"start":{"line":86,"column":0},"end":{"line":86,"column":40}},"86":{"start":{"line":87,"column":0},"end":{"line":87,"column":57}},"87":{"start":{"line":88,"column":0},"end":{"line":88,"column":36}},"88":{"start":{"line":89,"column":0},"end":{"line":89,"column":12}},"89":{"start":{"line":90,"column":0},"end":{"line":90,"column":9}},"91":{"start":{"line":92,"column":0},"end":{"line":92,"column":14}},"92":{"start":{"line":93,"column":0},"end":{"line":93,"column":12}},"93":{"start":{"line":94,"column":0},"end":{"line":94,"column":10}},"95":{"start":{"line":96,"column":0},"end":{"line":96,"column":2}},"97":{"start":{"line":98,"column":0},"end":{"line":98,"column":22}},"98":{"start":{"line":99,"column":0},"end":{"line":99,"column":37}},"99":{"start":{"line":100,"column":0},"end":{"line":100,"column":2}},"101":{"start":{"line":102,"column":0},"end":{"line":102,"column":20}},"102":{"start":{"line":103,"column":0},"end":{"line":103,"column":10}},"103":{"start":{"line":104,"column":0},"end":{"line":104,"column":12}},"104":{"start":{"line":105,"column":0},"end":{"line":105,"column":16}},"105":{"start":{"line":106,"column":0},"end":{"line":106,"column":16}},"106":{"start":{"line":107,"column":0},"end":{"line":107,"column":14}},"107":{"start":{"line":108,"column":0},"end":{"line":108,"column":16}},"108":{"start":{"line":109,"column":0},"end":{"line":109,"column":18}},"109":{"start":{"line":110,"column":0},"end":{"line":110,"column":19}},"110":{"start":{"line":111,"column":0},"end":{"line":111,"column":14}},"111":{"start":{"line":112,"column":0},"end":{"line":112,"column":17}},"112":{"start":{"line":113,"column":0},"end":{"line":113,"column":13}},"113":{"start":{"line":114,"column":0},"end":{"line":114,"column":18}},"114":{"start":{"line":115,"column":0},"end":{"line":115,"column":16}},"115":{"start":{"line":116,"column":0},"end":{"line":116,"column":19}},"116":{"start":{"line":117,"column":0},"end":{"line":117,"column":18}},"117":{"start":{"line":118,"column":0},"end":{"line":118,"column":17}},"118":{"start":{"line":119,"column":0},"end":{"line":119,"column":7}},"120":{"start":{"line":121,"column":0},"end":{"line":121,"column":24}},"121":{"start":{"line":122,"column":0},"end":{"line":122,"column":36}},"122":{"start":{"line":123,"column":0},"end":{"line":123,"column":36}},"123":{"start":{"line":124,"column":0},"end":{"line":124,"column":33}},"124":{"start":{"line":125,"column":0},"end":{"line":125,"column":22}},"126":{"start":{"line":127,"column":0},"end":{"line":127,"column":10}},"127":{"start":{"line":128,"column":0},"end":{"line":128,"column":8}},"128":{"start":{"line":129,"column":0},"end":{"line":129,"column":49}},"129":{"start":{"line":130,"column":0},"end":{"line":130,"column":56}},"131":{"start":{"line":132,"column":0},"end":{"line":132,"column":10}},"132":{"start":{"line":133,"column":0},"end":{"line":133,"column":54}},"133":{"start":{"line":134,"column":0},"end":{"line":134,"column":16}},"134":{"start":{"line":135,"column":0},"end":{"line":135,"column":21}},"135":{"start":{"line":136,"column":0},"end":{"line":136,"column":22}},"136":{"start":{"line":137,"column":0},"end":{"line":137,"column":45}},"137":{"start":{"line":138,"column":0},"end":{"line":138,"column":41}},"138":{"start":{"line":139,"column":0},"end":{"line":139,"column":28}},"139":{"start":{"line":140,"column":0},"end":{"line":140,"column":33}},"140":{"start":{"line":141,"column":0},"end":{"line":141,"column":30}},"141":{"start":{"line":142,"column":0},"end":{"line":142,"column":47}},"142":{"start":{"line":143,"column":0},"end":{"line":143,"column":10}},"143":{"start":{"line":144,"column":0},"end":{"line":144,"column":8}},"145":{"start":{"line":146,"column":0},"end":{"line":146,"column":10}},"146":{"start":{"line":147,"column":0},"end":{"line":147,"column":87}},"147":{"start":{"line":148,"column":0},"end":{"line":148,"column":35}},"148":{"start":{"line":149,"column":0},"end":{"line":149,"column":27}},"149":{"start":{"line":150,"column":0},"end":{"line":150,"column":16}},"150":{"start":{"line":151,"column":0},"end":{"line":151,"column":21}},"151":{"start":{"line":152,"column":0},"end":{"line":152,"column":22}},"152":{"start":{"line":153,"column":0},"end":{"line":153,"column":45}},"153":{"start":{"line":154,"column":0},"end":{"line":154,"column":25}},"154":{"start":{"line":155,"column":0},"end":{"line":155,"column":26}},"155":{"start":{"line":156,"column":0},"end":{"line":156,"column":41}},"156":{"start":{"line":157,"column":0},"end":{"line":157,"column":17}},"157":{"start":{"line":158,"column":0},"end":{"line":158,"column":38}},"158":{"start":{"line":159,"column":0},"end":{"line":159,"column":60}},"159":{"start":{"line":160,"column":0},"end":{"line":160,"column":23}},"160":{"start":{"line":161,"column":0},"end":{"line":161,"column":10}},"162":{"start":{"line":163,"column":0},"end":{"line":163,"column":39}},"163":{"start":{"line":164,"column":0},"end":{"line":164,"column":14}},"164":{"start":{"line":165,"column":0},"end":{"line":165,"column":55}},"165":{"start":{"line":166,"column":0},"end":{"line":166,"column":58}},"166":{"start":{"line":167,"column":0},"end":{"line":167,"column":11}},"168":{"start":{"line":169,"column":0},"end":{"line":169,"column":16}},"170":{"start":{"line":171,"column":0},"end":{"line":171,"column":50}},"171":{"start":{"line":172,"column":0},"end":{"line":172,"column":61}},"172":{"start":{"line":173,"column":0},"end":{"line":173,"column":25}},"173":{"start":{"line":174,"column":0},"end":{"line":174,"column":46}},"174":{"start":{"line":175,"column":0},"end":{"line":175,"column":27}},"175":{"start":{"line":176,"column":0},"end":{"line":176,"column":47}},"176":{"start":{"line":177,"column":0},"end":{"line":177,"column":51}},"177":{"start":{"line":178,"column":0},"end":{"line":178,"column":16}},"178":{"start":{"line":179,"column":0},"end":{"line":179,"column":15}},"179":{"start":{"line":180,"column":0},"end":{"line":180,"column":16}},"181":{"start":{"line":182,"column":0},"end":{"line":182,"column":12}},"184":{"start":{"line":185,"column":0},"end":{"line":185,"column":15}},"185":{"start":{"line":186,"column":0},"end":{"line":186,"column":66}},"186":{"start":{"line":187,"column":0},"end":{"line":187,"column":32}},"187":{"start":{"line":188,"column":0},"end":{"line":188,"column":8}},"189":{"start":{"line":190,"column":0},"end":{"line":190,"column":10}},"190":{"start":{"line":191,"column":0},"end":{"line":191,"column":41}},"191":{"start":{"line":192,"column":0},"end":{"line":192,"column":16}},"192":{"start":{"line":193,"column":0},"end":{"line":193,"column":21}},"193":{"start":{"line":194,"column":0},"end":{"line":194,"column":22}},"194":{"start":{"line":195,"column":0},"end":{"line":195,"column":57}},"195":{"start":{"line":196,"column":0},"end":{"line":196,"column":21}},"196":{"start":{"line":197,"column":0},"end":{"line":197,"column":10}},"198":{"start":{"line":199,"column":0},"end":{"line":199,"column":20}},"199":{"start":{"line":200,"column":0},"end":{"line":200,"column":29}},"200":{"start":{"line":201,"column":0},"end":{"line":201,"column":19}},"201":{"start":{"line":202,"column":0},"end":{"line":202,"column":49}},"202":{"start":{"line":203,"column":0},"end":{"line":203,"column":39}},"203":{"start":{"line":204,"column":0},"end":{"line":204,"column":43}},"204":{"start":{"line":205,"column":0},"end":{"line":205,"column":38}},"205":{"start":{"line":206,"column":0},"end":{"line":206,"column":10}},"206":{"start":{"line":207,"column":0},"end":{"line":207,"column":12}},"208":{"start":{"line":209,"column":0},"end":{"line":209,"column":10}},"209":{"start":{"line":210,"column":0},"end":{"line":210,"column":42}},"210":{"start":{"line":211,"column":0},"end":{"line":211,"column":16}},"211":{"start":{"line":212,"column":0},"end":{"line":212,"column":36}},"212":{"start":{"line":213,"column":0},"end":{"line":213,"column":21}},"213":{"start":{"line":214,"column":0},"end":{"line":214,"column":40}},"214":{"start":{"line":215,"column":0},"end":{"line":215,"column":21}},"215":{"start":{"line":216,"column":0},"end":{"line":216,"column":10}},"217":{"start":{"line":218,"column":0},"end":{"line":218,"column":20}},"218":{"start":{"line":219,"column":0},"end":{"line":219,"column":29}},"219":{"start":{"line":220,"column":0},"end":{"line":220,"column":19}},"220":{"start":{"line":221,"column":0},"end":{"line":221,"column":49}},"221":{"start":{"line":222,"column":0},"end":{"line":222,"column":39}},"222":{"start":{"line":223,"column":0},"end":{"line":223,"column":43}},"223":{"start":{"line":224,"column":0},"end":{"line":224,"column":38}},"224":{"start":{"line":225,"column":0},"end":{"line":225,"column":10}},"225":{"start":{"line":226,"column":0},"end":{"line":226,"column":12}},"227":{"start":{"line":228,"column":0},"end":{"line":228,"column":10}},"228":{"start":{"line":229,"column":0},"end":{"line":229,"column":43}},"229":{"start":{"line":230,"column":0},"end":{"line":230,"column":16}},"230":{"start":{"line":231,"column":0},"end":{"line":231,"column":37}},"231":{"start":{"line":232,"column":0},"end":{"line":232,"column":21}},"232":{"start":{"line":233,"column":0},"end":{"line":233,"column":40}},"233":{"start":{"line":234,"column":0},"end":{"line":234,"column":21}},"234":{"start":{"line":235,"column":0},"end":{"line":235,"column":10}},"236":{"start":{"line":237,"column":0},"end":{"line":237,"column":20}},"237":{"start":{"line":238,"column":0},"end":{"line":238,"column":29}},"238":{"start":{"line":239,"column":0},"end":{"line":239,"column":19}},"239":{"start":{"line":240,"column":0},"end":{"line":240,"column":49}},"240":{"start":{"line":241,"column":0},"end":{"line":241,"column":39}},"241":{"start":{"line":242,"column":0},"end":{"line":242,"column":43}},"242":{"start":{"line":243,"column":0},"end":{"line":243,"column":38}},"243":{"start":{"line":244,"column":0},"end":{"line":244,"column":10}},"244":{"start":{"line":245,"column":0},"end":{"line":245,"column":12}},"246":{"start":{"line":247,"column":0},"end":{"line":247,"column":10}},"247":{"start":{"line":248,"column":0},"end":{"line":248,"column":43}},"248":{"start":{"line":249,"column":0},"end":{"line":249,"column":16}},"249":{"start":{"line":250,"column":0},"end":{"line":250,"column":24}},"250":{"start":{"line":251,"column":0},"end":{"line":251,"column":22}},"251":{"start":{"line":252,"column":0},"end":{"line":252,"column":56}},"252":{"start":{"line":253,"column":0},"end":{"line":253,"column":21}},"253":{"start":{"line":254,"column":0},"end":{"line":254,"column":10}},"255":{"start":{"line":256,"column":0},"end":{"line":256,"column":17}},"256":{"start":{"line":257,"column":0},"end":{"line":257,"column":29}},"257":{"start":{"line":258,"column":0},"end":{"line":258,"column":25}},"258":{"start":{"line":259,"column":0},"end":{"line":259,"column":49}},"259":{"start":{"line":260,"column":0},"end":{"line":260,"column":37}},"260":{"start":{"line":261,"column":0},"end":{"line":261,"column":35}},"261":{"start":{"line":262,"column":0},"end":{"line":262,"column":45}},"262":{"start":{"line":263,"column":0},"end":{"line":263,"column":39}},"263":{"start":{"line":264,"column":0},"end":{"line":264,"column":35}},"264":{"start":{"line":265,"column":0},"end":{"line":265,"column":41}},"265":{"start":{"line":266,"column":0},"end":{"line":266,"column":39}},"266":{"start":{"line":267,"column":0},"end":{"line":267,"column":37}},"267":{"start":{"line":268,"column":0},"end":{"line":268,"column":10}},"268":{"start":{"line":269,"column":0},"end":{"line":269,"column":12}},"270":{"start":{"line":271,"column":0},"end":{"line":271,"column":15}},"290":{"start":{"line":291,"column":0},"end":{"line":291,"column":16}},"291":{"start":{"line":292,"column":0},"end":{"line":292,"column":10}},"293":{"start":{"line":294,"column":0},"end":{"line":294,"column":2}},"295":{"start":{"line":296,"column":0},"end":{"line":296,"column":23}},"296":{"start":{"line":297,"column":0},"end":{"line":297,"column":38}},"297":{"start":{"line":298,"column":0},"end":{"line":298,"column":30}},"298":{"start":{"line":299,"column":0},"end":{"line":299,"column":39}},"299":{"start":{"line":300,"column":0},"end":{"line":300,"column":47}},"300":{"start":{"line":301,"column":0},"end":{"line":301,"column":16}},"301":{"start":{"line":302,"column":0},"end":{"line":302,"column":44}},"302":{"start":{"line":303,"column":0},"end":{"line":303,"column":44}},"303":{"start":{"line":304,"column":0},"end":{"line":304,"column":32}},"304":{"start":{"line":305,"column":0},"end":{"line":305,"column":45}},"305":{"start":{"line":306,"column":0},"end":{"line":306,"column":47}},"306":{"start":{"line":307,"column":0},"end":{"line":307,"column":46}},"307":{"start":{"line":308,"column":0},"end":{"line":308,"column":32}},"308":{"start":{"line":309,"column":0},"end":{"line":309,"column":44}},"309":{"start":{"line":310,"column":0},"end":{"line":310,"column":40}},"310":{"start":{"line":311,"column":0},"end":{"line":311,"column":45}},"311":{"start":{"line":312,"column":0},"end":{"line":312,"column":43}},"312":{"start":{"line":313,"column":0},"end":{"line":313,"column":46}},"313":{"start":{"line":314,"column":0},"end":{"line":314,"column":45}},"314":{"start":{"line":315,"column":0},"end":{"line":315,"column":44}},"315":{"start":{"line":316,"column":0},"end":{"line":316,"column":2}},"317":{"start":{"line":318,"column":0},"end":{"line":318,"column":25}}},"s":{"0":1,"1":1,"2":1,"3":1,"4":1,"6":1,"7":45,"8":45,"10":45,"11":45,"12":34,"13":1,"14":1,"15":34,"17":34,"18":0,"19":34,"21":34,"22":34,"23":34,"24":34,"25":34,"26":45,"28":45,"30":0,"31":0,"32":0,"33":0,"34":0,"35":0,"36":0,"37":0,"38":0,"39":0,"40":0,"42":0,"43":0,"44":0,"45":0,"46":0,"47":0,"48":0,"49":0,"52":0,"53":0,"54":0,"55":0,"56":0,"57":0,"58":0,"60":0,"61":0,"62":0,"63":0,"64":0,"65":0,"67":0,"68":0,"69":0,"70":0,"71":0,"72":0,"75":0,"76":0,"77":0,"78":0,"79":0,"80":0,"81":0,"82":0,"83":0,"84":0,"85":0,"86":0,"87":0,"88":0,"89":0,"91":0,"92":0,"93":0,"95":0,"97":1,"98":1,"99":1,"101":1,"102":45,"103":45,"104":45,"105":45,"106":45,"107":45,"108":45,"109":45,"110":45,"111":45,"112":45,"113":45,"114":45,"115":45,"116":45,"117":45,"118":45,"120":45,"121":45,"122":43,"123":41,"124":36,"126":45,"127":45,"128":45,"129":45,"131":45,"132":45,"133":45,"134":45,"135":45,"136":45,"137":45,"138":45,"139":45,"140":45,"141":45,"142":45,"143":45,"145":45,"146":45,"147":45,"148":45,"149":45,"150":45,"151":45,"152":45,"153":45,"154":45,"155":45,"156":45,"157":45,"158":40,"159":5,"160":45,"162":45,"163":40,"164":40,"165":40,"166":40,"168":40,"170":5,"171":5,"172":10,"173":10,"174":10,"175":10,"176":10,"177":10,"178":5,"179":5,"181":45,"184":45,"185":45,"186":45,"187":45,"189":45,"190":45,"191":45,"192":45,"193":45,"194":45,"195":45,"196":45,"198":45,"199":45,"200":45,"201":45,"202":45,"203":45,"204":45,"205":45,"206":45,"208":45,"209":45,"210":45,"211":45,"212":45,"213":45,"214":45,"215":45,"217":45,"218":45,"219":45,"220":45,"221":45,"222":45,"223":45,"224":45,"225":45,"227":45,"228":45,"229":45,"230":45,"231":45,"232":45,"233":45,"234":45,"236":45,"237":45,"238":45,"239":45,"240":45,"241":45,"242":45,"243":45,"244":45,"246":45,"247":45,"248":45,"249":45,"250":45,"251":45,"252":45,"253":45,"255":45,"256":45,"257":45,"258":45,"259":45,"260":45,"261":45,"262":45,"263":45,"264":45,"265":45,"266":45,"267":45,"268":45,"270":45,"290":45,"291":45,"293":45,"295":1,"296":1,"297":1,"298":1,"299":1,"300":1,"301":1,"302":1,"303":1,"304":1,"305":1,"306":1,"307":1,"308":1,"309":1,"310":1,"311":1,"312":1,"313":1,"314":1,"315":1,"317":1},"branchMap":{"0":{"type":"branch","line":7,"loc":{"start":{"line":7,"column":17},"end":{"line":96,"column":2}},"locations":[{"start":{"line":7,"column":17},"end":{"line":96,"column":2}}]},"1":{"type":"branch","line":29,"loc":{"start":{"line":29,"column":25},"end":{"line":96,"column":2}},"locations":[{"start":{"line":29,"column":25},"end":{"line":96,"column":2}}]},"2":{"type":"branch","line":11,"loc":{"start":{"line":11,"column":12},"end":{"line":27,"column":5}},"locations":[{"start":{"line":11,"column":12},"end":{"line":27,"column":5}}]},"3":{"type":"branch","line":12,"loc":{"start":{"line":12,"column":8},"end":{"line":12,"column":30}},"locations":[{"start":{"line":12,"column":8},"end":{"line":12,"column":30}}]},"4":{"type":"branch","line":12,"loc":{"start":{"line":12,"column":30},"end":{"line":26,"column":5}},"locations":[{"start":{"line":12,"column":30},"end":{"line":26,"column":5}}]},"5":{"type":"branch","line":13,"loc":{"start":{"line":13,"column":35},"end":{"line":16,"column":9}},"locations":[{"start":{"line":13,"column":35},"end":{"line":16,"column":9}}]},"6":{"type":"branch","line":22,"loc":{"start":{"line":22,"column":13},"end":{"line":25,"column":8}},"locations":[{"start":{"line":22,"column":13},"end":{"line":25,"column":8}}]},"7":{"type":"branch","line":102,"loc":{"start":{"line":102,"column":18},"end":{"line":294,"column":2}},"locations":[{"start":{"line":102,"column":18},"end":{"line":294,"column":2}}]},"8":{"type":"branch","line":122,"loc":{"start":{"line":122,"column":24},"end":{"line":123,"column":36}},"locations":[{"start":{"line":122,"column":24},"end":{"line":123,"column":36}}]},"9":{"type":"branch","line":123,"loc":{"start":{"line":123,"column":32},"end":{"line":124,"column":33}},"locations":[{"start":{"line":123,"column":32},"end":{"line":124,"column":33}}]},"10":{"type":"branch","line":124,"loc":{"start":{"line":124,"column":29},"end":{"line":125,"column":22}},"locations":[{"start":{"line":124,"column":29},"end":{"line":125,"column":22}}]},"11":{"type":"branch","line":158,"loc":{"start":{"line":158,"column":37},"end":{"line":159,"column":60}},"locations":[{"start":{"line":158,"column":37},"end":{"line":159,"column":60}}]},"12":{"type":"branch","line":159,"loc":{"start":{"line":159,"column":16},"end":{"line":160,"column":23}},"locations":[{"start":{"line":159,"column":16},"end":{"line":160,"column":23}}]},"13":{"type":"branch","line":163,"loc":{"start":{"line":163,"column":34},"end":{"line":169,"column":16}},"locations":[{"start":{"line":163,"column":34},"end":{"line":169,"column":16}}]},"14":{"type":"branch","line":169,"loc":{"start":{"line":169,"column":10},"end":{"line":180,"column":16}},"locations":[{"start":{"line":169,"column":10},"end":{"line":180,"column":16}}]},"15":{"type":"branch","line":172,"loc":{"start":{"line":172,"column":31},"end":{"line":178,"column":16}},"locations":[{"start":{"line":172,"column":31},"end":{"line":178,"column":16}}]}},"b":{"0":[45],"1":[0],"2":[45],"3":[34],"4":[34],"5":[1],"6":[34],"7":[45],"8":[43],"9":[41],"10":[36],"11":[40],"12":[5],"13":[40],"14":[5],"15":[10]},"fnMap":{"0":{"name":"DragHint","decl":{"start":{"line":7,"column":17},"end":{"line":96,"column":2}},"loc":{"start":{"line":7,"column":17},"end":{"line":96,"column":2}},"line":7},"1":{"name":"GameTable","decl":{"start":{"line":102,"column":18},"end":{"line":294,"column":2}},"loc":{"start":{"line":102,"column":18},"end":{"line":294,"column":2}},"line":102}},"f":{"0":45,"1":45}}
,"/Users/macbookpro/source/royal-card-game/src/components/Header.jsx": {"path":"/Users/macbookpro/source/royal-card-game/src/components/Header.jsx","all":false,"statementMap":{"0":{"start":{"line":1,"column":0},"end":{"line":1,"column":52}},"1":{"start":{"line":2,"column":0},"end":{"line":2,"column":35}},"2":{"start":{"line":3,"column":0},"end":{"line":3,"column":80}},"3":{"start":{"line":4,"column":0},"end":{"line":4,"column":48}},"4":{"start":{"line":5,"column":0},"end":{"line":5,"column":66}},"11":{"start":{"line":12,"column":0},"end":{"line":12,"column":55}},"12":{"start":{"line":13,"column":0},"end":{"line":13,"column":58}},"13":{"start":{"line":14,"column":0},"end":{"line":14,"column":60}},"14":{"start":{"line":15,"column":0},"end":{"line":15,"column":12}},"15":{"start":{"line":16,"column":0},"end":{"line":16,"column":2}},"17":{"start":{"line":18,"column":0},"end":{"line":18,"column":17}},"18":{"start":{"line":19,"column":0},"end":{"line":19,"column":8}},"19":{"start":{"line":20,"column":0},"end":{"line":20,"column":14}},"20":{"start":{"line":21,"column":0},"end":{"line":21,"column":16}},"21":{"start":{"line":22,"column":0},"end":{"line":22,"column":19}},"22":{"start":{"line":23,"column":0},"end":{"line":23,"column":18}},"23":{"start":{"line":24,"column":0},"end":{"line":24,"column":21}},"24":{"start":{"line":25,"column":0},"end":{"line":25,"column":18}},"25":{"start":{"line":26,"column":0},"end":{"line":26,"column":21}},"26":{"start":{"line":27,"column":0},"end":{"line":27,"column":11}},"27":{"start":{"line":28,"column":0},"end":{"line":28,"column":12}},"28":{"start":{"line":29,"column":0},"end":{"line":29,"column":7}},"29":{"start":{"line":30,"column":0},"end":{"line":30,"column":35}},"30":{"start":{"line":31,"column":0},"end":{"line":31,"column":58}},"31":{"start":{"line":32,"column":0},"end":{"line":32,"column":67}},"32":{"start":{"line":33,"column":0},"end":{"line":33,"column":68}},"33":{"start":{"line":34,"column":0},"end":{"line":34,"column":60}},"34":{"start":{"line":35,"column":0},"end":{"line":35,"column":66}},"35":{"start":{"line":36,"column":0},"end":{"line":36,"column":67}},"37":{"start":{"line":38,"column":0},"end":{"line":38,"column":19}},"38":{"start":{"line":39,"column":0},"end":{"line":39,"column":40}},"39":{"start":{"line":40,"column":0},"end":{"line":40,"column":79}},"40":{"start":{"line":41,"column":0},"end":{"line":41,"column":31}},"41":{"start":{"line":42,"column":0},"end":{"line":42,"column":7}},"42":{"start":{"line":43,"column":0},"end":{"line":43,"column":5}},"43":{"start":{"line":44,"column":0},"end":{"line":44,"column":63}},"44":{"start":{"line":45,"column":0},"end":{"line":45,"column":79}},"45":{"start":{"line":46,"column":0},"end":{"line":46,"column":9}},"47":{"start":{"line":48,"column":0},"end":{"line":48,"column":37}},"48":{"start":{"line":49,"column":0},"end":{"line":49,"column":24}},"49":{"start":{"line":50,"column":0},"end":{"line":50,"column":28}},"50":{"start":{"line":51,"column":0},"end":{"line":51,"column":33}},"51":{"start":{"line":52,"column":0},"end":{"line":52,"column":12}},"52":{"start":{"line":53,"column":0},"end":{"line":53,"column":34}},"53":{"start":{"line":54,"column":0},"end":{"line":54,"column":24}},"54":{"start":{"line":55,"column":0},"end":{"line":55,"column":31}},"55":{"start":{"line":56,"column":0},"end":{"line":56,"column":14}},"56":{"start":{"line":57,"column":0},"end":{"line":57,"column":5}},"57":{"start":{"line":58,"column":0},"end":{"line":58,"column":4}},"59":{"start":{"line":60,"column":0},"end":{"line":60,"column":10}},"60":{"start":{"line":61,"column":0},"end":{"line":61,"column":8}},"61":{"start":{"line":62,"column":0},"end":{"line":62,"column":59}},"62":{"start":{"line":63,"column":0},"end":{"line":63,"column":14}},"63":{"start":{"line":64,"column":0},"end":{"line":64,"column":19}},"64":{"start":{"line":65,"column":0},"end":{"line":65,"column":95}},"65":{"start":{"line":66,"column":0},"end":{"line":66,"column":61}},"66":{"start":{"line":67,"column":0},"end":{"line":67,"column":8}},"68":{"start":{"line":69,"column":0},"end":{"line":69,"column":88}},"69":{"start":{"line":70,"column":0},"end":{"line":70,"column":11}},"70":{"start":{"line":71,"column":0},"end":{"line":71,"column":29}},"71":{"start":{"line":72,"column":0},"end":{"line":72,"column":155}},"72":{"start":{"line":73,"column":0},"end":{"line":73,"column":32}},"74":{"start":{"line":75,"column":0},"end":{"line":75,"column":18}},"75":{"start":{"line":76,"column":0},"end":{"line":76,"column":68}},"76":{"start":{"line":77,"column":0},"end":{"line":77,"column":56}},"77":{"start":{"line":78,"column":0},"end":{"line":78,"column":12}},"78":{"start":{"line":79,"column":0},"end":{"line":79,"column":78}},"79":{"start":{"line":80,"column":0},"end":{"line":80,"column":13}},"81":{"start":{"line":82,"column":0},"end":{"line":82,"column":78}},"82":{"start":{"line":83,"column":0},"end":{"line":83,"column":17}},"83":{"start":{"line":84,"column":0},"end":{"line":84,"column":33}},"84":{"start":{"line":85,"column":0},"end":{"line":85,"column":91}},"85":{"start":{"line":86,"column":0},"end":{"line":86,"column":20}},"86":{"start":{"line":87,"column":0},"end":{"line":87,"column":52}},"87":{"start":{"line":88,"column":0},"end":{"line":88,"column":51}},"88":{"start":{"line":89,"column":0},"end":{"line":89,"column":61}},"89":{"start":{"line":90,"column":0},"end":{"line":90,"column":14}},"90":{"start":{"line":91,"column":0},"end":{"line":91,"column":19}},"91":{"start":{"line":92,"column":0},"end":{"line":92,"column":78}},"94":{"start":{"line":95,"column":0},"end":{"line":95,"column":33}},"95":{"start":{"line":96,"column":0},"end":{"line":96,"column":20}},"96":{"start":{"line":97,"column":0},"end":{"line":97,"column":48}},"97":{"start":{"line":98,"column":0},"end":{"line":98,"column":60}},"98":{"start":{"line":99,"column":0},"end":{"line":99,"column":16}},"100":{"start":{"line":101,"column":0},"end":{"line":101,"column":21}},"101":{"start":{"line":102,"column":0},"end":{"line":102,"column":48}},"102":{"start":{"line":103,"column":0},"end":{"line":103,"column":64}},"103":{"start":{"line":104,"column":0},"end":{"line":104,"column":16}},"105":{"start":{"line":106,"column":0},"end":{"line":106,"column":19}},"107":{"start":{"line":108,"column":0},"end":{"line":108,"column":36}},"108":{"start":{"line":109,"column":0},"end":{"line":109,"column":19}},"109":{"start":{"line":110,"column":0},"end":{"line":110,"column":43}},"110":{"start":{"line":111,"column":0},"end":{"line":111,"column":93}},"111":{"start":{"line":112,"column":0},"end":{"line":112,"column":22}},"112":{"start":{"line":113,"column":0},"end":{"line":113,"column":54}},"113":{"start":{"line":114,"column":0},"end":{"line":114,"column":53}},"114":{"start":{"line":115,"column":0},"end":{"line":115,"column":63}},"115":{"start":{"line":116,"column":0},"end":{"line":116,"column":16}},"117":{"start":{"line":118,"column":0},"end":{"line":118,"column":31}},"118":{"start":{"line":119,"column":0},"end":{"line":119,"column":120}},"120":{"start":{"line":121,"column":0},"end":{"line":121,"column":58}},"122":{"start":{"line":123,"column":0},"end":{"line":123,"column":21}},"124":{"start":{"line":125,"column":0},"end":{"line":125,"column":30}},"125":{"start":{"line":126,"column":0},"end":{"line":126,"column":18}},"126":{"start":{"line":127,"column":0},"end":{"line":127,"column":101}},"127":{"start":{"line":128,"column":0},"end":{"line":128,"column":44}},"128":{"start":{"line":129,"column":0},"end":{"line":129,"column":40}},"129":{"start":{"line":130,"column":0},"end":{"line":130,"column":41}},"130":{"start":{"line":131,"column":0},"end":{"line":131,"column":19}},"131":{"start":{"line":132,"column":0},"end":{"line":132,"column":24}},"132":{"start":{"line":133,"column":0},"end":{"line":133,"column":30}},"133":{"start":{"line":134,"column":0},"end":{"line":134,"column":35}},"134":{"start":{"line":135,"column":0},"end":{"line":135,"column":50}},"135":{"start":{"line":136,"column":0},"end":{"line":136,"column":36}},"136":{"start":{"line":137,"column":0},"end":{"line":137,"column":56}},"137":{"start":{"line":138,"column":0},"end":{"line":138,"column":66}},"138":{"start":{"line":139,"column":0},"end":{"line":139,"column":48}},"139":{"start":{"line":140,"column":0},"end":{"line":140,"column":18}},"141":{"start":{"line":142,"column":0},"end":{"line":142,"column":67}},"142":{"start":{"line":143,"column":0},"end":{"line":143,"column":23}},"143":{"start":{"line":144,"column":0},"end":{"line":144,"column":26}},"144":{"start":{"line":145,"column":0},"end":{"line":145,"column":89}},"145":{"start":{"line":146,"column":0},"end":{"line":146,"column":65}},"146":{"start":{"line":147,"column":0},"end":{"line":147,"column":21}},"148":{"start":{"line":149,"column":0},"end":{"line":149,"column":28}},"149":{"start":{"line":150,"column":0},"end":{"line":150,"column":46}},"150":{"start":{"line":151,"column":0},"end":{"line":151,"column":26}},"151":{"start":{"line":152,"column":0},"end":{"line":152,"column":40}},"152":{"start":{"line":153,"column":0},"end":{"line":153,"column":49}},"153":{"start":{"line":154,"column":0},"end":{"line":154,"column":56}},"154":{"start":{"line":155,"column":0},"end":{"line":155,"column":46}},"155":{"start":{"line":156,"column":0},"end":{"line":156,"column":57}},"156":{"start":{"line":157,"column":0},"end":{"line":157,"column":57}},"157":{"start":{"line":158,"column":0},"end":{"line":158,"column":36}},"158":{"start":{"line":159,"column":0},"end":{"line":159,"column":34}},"159":{"start":{"line":160,"column":0},"end":{"line":160,"column":54}},"160":{"start":{"line":161,"column":0},"end":{"line":161,"column":55}},"161":{"start":{"line":162,"column":0},"end":{"line":162,"column":27}},"162":{"start":{"line":163,"column":0},"end":{"line":163,"column":26}},"163":{"start":{"line":164,"column":0},"end":{"line":164,"column":105}},"164":{"start":{"line":165,"column":0},"end":{"line":165,"column":32}},"165":{"start":{"line":166,"column":0},"end":{"line":166,"column":64}},"166":{"start":{"line":167,"column":0},"end":{"line":167,"column":74}},"167":{"start":{"line":168,"column":0},"end":{"line":168,"column":26}},"169":{"start":{"line":170,"column":0},"end":{"line":170,"column":29}},"170":{"start":{"line":171,"column":0},"end":{"line":171,"column":64}},"171":{"start":{"line":172,"column":0},"end":{"line":172,"column":72}},"173":{"start":{"line":174,"column":0},"end":{"line":174,"column":58}},"174":{"start":{"line":175,"column":0},"end":{"line":175,"column":31}},"175":{"start":{"line":176,"column":0},"end":{"line":176,"column":28}},"176":{"start":{"line":177,"column":0},"end":{"line":177,"column":121}},"177":{"start":{"line":178,"column":0},"end":{"line":178,"column":69}},"178":{"start":{"line":179,"column":0},"end":{"line":179,"column":45}},"180":{"start":{"line":181,"column":0},"end":{"line":181,"column":153}},"181":{"start":{"line":182,"column":0},"end":{"line":182,"column":30}},"182":{"start":{"line":183,"column":0},"end":{"line":183,"column":28}},"183":{"start":{"line":184,"column":0},"end":{"line":184,"column":44}},"184":{"start":{"line":185,"column":0},"end":{"line":185,"column":26}},"185":{"start":{"line":186,"column":0},"end":{"line":186,"column":30}},"186":{"start":{"line":187,"column":0},"end":{"line":187,"column":58}},"187":{"start":{"line":188,"column":0},"end":{"line":188,"column":44}},"188":{"start":{"line":189,"column":0},"end":{"line":189,"column":58}},"189":{"start":{"line":190,"column":0},"end":{"line":190,"column":48}},"190":{"start":{"line":191,"column":0},"end":{"line":191,"column":59}},"191":{"start":{"line":192,"column":0},"end":{"line":192,"column":59}},"192":{"start":{"line":193,"column":0},"end":{"line":193,"column":38}},"193":{"start":{"line":194,"column":0},"end":{"line":194,"column":30}},"194":{"start":{"line":195,"column":0},"end":{"line":195,"column":28}},"195":{"start":{"line":196,"column":0},"end":{"line":196,"column":69}},"196":{"start":{"line":197,"column":0},"end":{"line":197,"column":32}},"197":{"start":{"line":198,"column":0},"end":{"line":198,"column":125}},"198":{"start":{"line":199,"column":0},"end":{"line":199,"column":38}},"199":{"start":{"line":200,"column":0},"end":{"line":200,"column":70}},"200":{"start":{"line":201,"column":0},"end":{"line":201,"column":80}},"201":{"start":{"line":202,"column":0},"end":{"line":202,"column":62}},"202":{"start":{"line":203,"column":0},"end":{"line":203,"column":32}},"204":{"start":{"line":205,"column":0},"end":{"line":205,"column":62}},"205":{"start":{"line":206,"column":0},"end":{"line":206,"column":39}},"206":{"start":{"line":207,"column":0},"end":{"line":207,"column":45}},"207":{"start":{"line":208,"column":0},"end":{"line":208,"column":50}},"208":{"start":{"line":209,"column":0},"end":{"line":209,"column":62}},"209":{"start":{"line":210,"column":0},"end":{"line":210,"column":64}},"210":{"start":{"line":211,"column":0},"end":{"line":211,"column":54}},"211":{"start":{"line":212,"column":0},"end":{"line":212,"column":65}},"212":{"start":{"line":213,"column":0},"end":{"line":213,"column":65}},"213":{"start":{"line":214,"column":0},"end":{"line":214,"column":44}},"214":{"start":{"line":215,"column":0},"end":{"line":215,"column":36}},"215":{"start":{"line":216,"column":0},"end":{"line":216,"column":133}},"216":{"start":{"line":217,"column":0},"end":{"line":217,"column":42}},"217":{"start":{"line":218,"column":0},"end":{"line":218,"column":47}},"218":{"start":{"line":219,"column":0},"end":{"line":219,"column":63}},"219":{"start":{"line":220,"column":0},"end":{"line":220,"column":68}},"220":{"start":{"line":221,"column":0},"end":{"line":221,"column":56}},"221":{"start":{"line":222,"column":0},"end":{"line":222,"column":71}},"222":{"start":{"line":223,"column":0},"end":{"line":223,"column":78}},"223":{"start":{"line":224,"column":0},"end":{"line":224,"column":36}},"225":{"start":{"line":226,"column":0},"end":{"line":226,"column":80}},"226":{"start":{"line":227,"column":0},"end":{"line":227,"column":38}},"227":{"start":{"line":228,"column":0},"end":{"line":228,"column":62}},"228":{"start":{"line":229,"column":0},"end":{"line":229,"column":79}},"230":{"start":{"line":231,"column":0},"end":{"line":231,"column":54}},"231":{"start":{"line":232,"column":0},"end":{"line":232,"column":40}},"232":{"start":{"line":233,"column":0},"end":{"line":233,"column":41}},"233":{"start":{"line":234,"column":0},"end":{"line":234,"column":33}},"234":{"start":{"line":235,"column":0},"end":{"line":235,"column":34}},"235":{"start":{"line":236,"column":0},"end":{"line":236,"column":32}},"236":{"start":{"line":237,"column":0},"end":{"line":237,"column":27}},"238":{"start":{"line":239,"column":0},"end":{"line":239,"column":26}},"239":{"start":{"line":240,"column":0},"end":{"line":240,"column":24}},"241":{"start":{"line":242,"column":0},"end":{"line":242,"column":23}},"242":{"start":{"line":243,"column":0},"end":{"line":243,"column":26}},"243":{"start":{"line":244,"column":0},"end":{"line":244,"column":89}},"244":{"start":{"line":245,"column":0},"end":{"line":245,"column":65}},"245":{"start":{"line":246,"column":0},"end":{"line":246,"column":21}},"247":{"start":{"line":248,"column":0},"end":{"line":248,"column":28}},"248":{"start":{"line":249,"column":0},"end":{"line":249,"column":24}},"249":{"start":{"line":250,"column":0},"end":{"line":250,"column":103}},"250":{"start":{"line":251,"column":0},"end":{"line":251,"column":78}},"251":{"start":{"line":252,"column":0},"end":{"line":252,"column":30}},"252":{"start":{"line":253,"column":0},"end":{"line":253,"column":62}},"253":{"start":{"line":254,"column":0},"end":{"line":254,"column":72}},"254":{"start":{"line":255,"column":0},"end":{"line":255,"column":24}},"256":{"start":{"line":257,"column":0},"end":{"line":257,"column":26}},"257":{"start":{"line":258,"column":0},"end":{"line":258,"column":65}},"258":{"start":{"line":259,"column":0},"end":{"line":259,"column":32}},"259":{"start":{"line":260,"column":0},"end":{"line":260,"column":57}},"260":{"start":{"line":261,"column":0},"end":{"line":261,"column":73}},"261":{"start":{"line":262,"column":0},"end":{"line":262,"column":26}},"262":{"start":{"line":263,"column":0},"end":{"line":263,"column":24}},"263":{"start":{"line":264,"column":0},"end":{"line":264,"column":27}},"264":{"start":{"line":265,"column":0},"end":{"line":265,"column":62}},"265":{"start":{"line":266,"column":0},"end":{"line":266,"column":72}},"267":{"start":{"line":268,"column":0},"end":{"line":268,"column":53}},"268":{"start":{"line":269,"column":0},"end":{"line":269,"column":29}},"269":{"start":{"line":270,"column":0},"end":{"line":270,"column":26}},"270":{"start":{"line":271,"column":0},"end":{"line":271,"column":120}},"271":{"start":{"line":272,"column":0},"end":{"line":272,"column":67}},"272":{"start":{"line":273,"column":0},"end":{"line":273,"column":43}},"274":{"start":{"line":275,"column":0},"end":{"line":275,"column":151}},"275":{"start":{"line":276,"column":0},"end":{"line":276,"column":28}},"276":{"start":{"line":277,"column":0},"end":{"line":277,"column":26}},"277":{"start":{"line":278,"column":0},"end":{"line":278,"column":43}},"278":{"start":{"line":279,"column":0},"end":{"line":279,"column":26}},"279":{"start":{"line":280,"column":0},"end":{"line":280,"column":55}},"280":{"start":{"line":281,"column":0},"end":{"line":281,"column":32}},"281":{"start":{"line":282,"column":0},"end":{"line":282,"column":64}},"282":{"start":{"line":283,"column":0},"end":{"line":283,"column":74}},"283":{"start":{"line":284,"column":0},"end":{"line":284,"column":26}},"285":{"start":{"line":286,"column":0},"end":{"line":286,"column":39}},"286":{"start":{"line":287,"column":0},"end":{"line":287,"column":47}},"287":{"start":{"line":288,"column":0},"end":{"line":288,"column":53}},"288":{"start":{"line":289,"column":0},"end":{"line":289,"column":68}},"289":{"start":{"line":290,"column":0},"end":{"line":290,"column":26}},"290":{"start":{"line":291,"column":0},"end":{"line":291,"column":28}},"292":{"start":{"line":293,"column":0},"end":{"line":293,"column":24}},"294":{"start":{"line":295,"column":0},"end":{"line":295,"column":23}},"295":{"start":{"line":296,"column":0},"end":{"line":296,"column":26}},"296":{"start":{"line":297,"column":0},"end":{"line":297,"column":89}},"297":{"start":{"line":298,"column":0},"end":{"line":298,"column":65}},"298":{"start":{"line":299,"column":0},"end":{"line":299,"column":21}},"300":{"start":{"line":301,"column":0},"end":{"line":301,"column":28}},"301":{"start":{"line":302,"column":0},"end":{"line":302,"column":24}},"302":{"start":{"line":303,"column":0},"end":{"line":303,"column":103}},"303":{"start":{"line":304,"column":0},"end":{"line":304,"column":70}},"304":{"start":{"line":305,"column":0},"end":{"line":305,"column":30}},"305":{"start":{"line":306,"column":0},"end":{"line":306,"column":62}},"306":{"start":{"line":307,"column":0},"end":{"line":307,"column":72}},"307":{"start":{"line":308,"column":0},"end":{"line":308,"column":24}},"309":{"start":{"line":310,"column":0},"end":{"line":310,"column":26}},"310":{"start":{"line":311,"column":0},"end":{"line":311,"column":81}},"311":{"start":{"line":312,"column":0},"end":{"line":312,"column":32}},"312":{"start":{"line":313,"column":0},"end":{"line":313,"column":57}},"313":{"start":{"line":314,"column":0},"end":{"line":314,"column":73}},"314":{"start":{"line":315,"column":0},"end":{"line":315,"column":59}},"315":{"start":{"line":316,"column":0},"end":{"line":316,"column":44}},"316":{"start":{"line":317,"column":0},"end":{"line":317,"column":41}},"317":{"start":{"line":318,"column":0},"end":{"line":318,"column":44}},"318":{"start":{"line":319,"column":0},"end":{"line":319,"column":58}},"319":{"start":{"line":320,"column":0},"end":{"line":320,"column":44}},"320":{"start":{"line":321,"column":0},"end":{"line":321,"column":41}},"321":{"start":{"line":322,"column":0},"end":{"line":322,"column":43}},"322":{"start":{"line":323,"column":0},"end":{"line":323,"column":26}},"323":{"start":{"line":324,"column":0},"end":{"line":324,"column":24}},"324":{"start":{"line":325,"column":0},"end":{"line":325,"column":27}},"325":{"start":{"line":326,"column":0},"end":{"line":326,"column":62}},"326":{"start":{"line":327,"column":0},"end":{"line":327,"column":72}},"328":{"start":{"line":329,"column":0},"end":{"line":329,"column":75}},"329":{"start":{"line":330,"column":0},"end":{"line":330,"column":44}},"330":{"start":{"line":331,"column":0},"end":{"line":331,"column":29}},"331":{"start":{"line":332,"column":0},"end":{"line":332,"column":26}},"332":{"start":{"line":333,"column":0},"end":{"line":333,"column":116}},"333":{"start":{"line":334,"column":0},"end":{"line":334,"column":67}},"334":{"start":{"line":335,"column":0},"end":{"line":335,"column":43}},"336":{"start":{"line":337,"column":0},"end":{"line":337,"column":151}},"337":{"start":{"line":338,"column":0},"end":{"line":338,"column":28}},"338":{"start":{"line":339,"column":0},"end":{"line":339,"column":26}},"339":{"start":{"line":340,"column":0},"end":{"line":340,"column":39}},"340":{"start":{"line":341,"column":0},"end":{"line":341,"column":26}},"341":{"start":{"line":342,"column":0},"end":{"line":342,"column":78}},"342":{"start":{"line":343,"column":0},"end":{"line":343,"column":32}},"343":{"start":{"line":344,"column":0},"end":{"line":344,"column":64}},"344":{"start":{"line":345,"column":0},"end":{"line":345,"column":74}},"345":{"start":{"line":346,"column":0},"end":{"line":346,"column":26}},"347":{"start":{"line":348,"column":0},"end":{"line":348,"column":56}},"348":{"start":{"line":349,"column":0},"end":{"line":349,"column":33}},"349":{"start":{"line":350,"column":0},"end":{"line":350,"column":44}},"350":{"start":{"line":351,"column":0},"end":{"line":351,"column":44}},"351":{"start":{"line":352,"column":0},"end":{"line":352,"column":61}},"352":{"start":{"line":353,"column":0},"end":{"line":353,"column":54}},"353":{"start":{"line":354,"column":0},"end":{"line":354,"column":30}},"354":{"start":{"line":355,"column":0},"end":{"line":355,"column":131}},"355":{"start":{"line":356,"column":0},"end":{"line":356,"column":36}},"356":{"start":{"line":357,"column":0},"end":{"line":357,"column":41}},"357":{"start":{"line":358,"column":0},"end":{"line":358,"column":62}},"358":{"start":{"line":359,"column":0},"end":{"line":359,"column":62}},"359":{"start":{"line":360,"column":0},"end":{"line":360,"column":50}},"360":{"start":{"line":361,"column":0},"end":{"line":361,"column":37}},"361":{"start":{"line":362,"column":0},"end":{"line":362,"column":62}},"362":{"start":{"line":363,"column":0},"end":{"line":363,"column":72}},"363":{"start":{"line":364,"column":0},"end":{"line":364,"column":60}},"364":{"start":{"line":365,"column":0},"end":{"line":365,"column":30}},"366":{"start":{"line":367,"column":0},"end":{"line":367,"column":32}},"367":{"start":{"line":368,"column":0},"end":{"line":368,"column":58}},"368":{"start":{"line":369,"column":0},"end":{"line":369,"column":38}},"369":{"start":{"line":370,"column":0},"end":{"line":370,"column":63}},"370":{"start":{"line":371,"column":0},"end":{"line":371,"column":80}},"371":{"start":{"line":372,"column":0},"end":{"line":372,"column":65}},"372":{"start":{"line":373,"column":0},"end":{"line":373,"column":45}},"373":{"start":{"line":374,"column":0},"end":{"line":374,"column":47}},"374":{"start":{"line":375,"column":0},"end":{"line":375,"column":50}},"375":{"start":{"line":376,"column":0},"end":{"line":376,"column":64}},"376":{"start":{"line":377,"column":0},"end":{"line":377,"column":45}},"377":{"start":{"line":378,"column":0},"end":{"line":378,"column":47}},"378":{"start":{"line":379,"column":0},"end":{"line":379,"column":49}},"379":{"start":{"line":380,"column":0},"end":{"line":380,"column":32}},"380":{"start":{"line":381,"column":0},"end":{"line":381,"column":30}},"381":{"start":{"line":382,"column":0},"end":{"line":382,"column":33}},"382":{"start":{"line":383,"column":0},"end":{"line":383,"column":49}},"383":{"start":{"line":384,"column":0},"end":{"line":384,"column":78}},"385":{"start":{"line":386,"column":0},"end":{"line":386,"column":44}},"386":{"start":{"line":387,"column":0},"end":{"line":387,"column":35}},"387":{"start":{"line":388,"column":0},"end":{"line":388,"column":35}},"388":{"start":{"line":389,"column":0},"end":{"line":389,"column":27}},"389":{"start":{"line":390,"column":0},"end":{"line":390,"column":28}},"391":{"start":{"line":392,"column":0},"end":{"line":392,"column":24}},"393":{"start":{"line":394,"column":0},"end":{"line":394,"column":25}},"394":{"start":{"line":395,"column":0},"end":{"line":395,"column":39}},"395":{"start":{"line":396,"column":0},"end":{"line":396,"column":179}},"396":{"start":{"line":397,"column":0},"end":{"line":397,"column":28}},"397":{"start":{"line":398,"column":0},"end":{"line":398,"column":33}},"398":{"start":{"line":399,"column":0},"end":{"line":399,"column":106}},"399":{"start":{"line":400,"column":0},"end":{"line":400,"column":47}},"400":{"start":{"line":401,"column":0},"end":{"line":401,"column":22}},"402":{"start":{"line":403,"column":0},"end":{"line":403,"column":61}},"403":{"start":{"line":404,"column":0},"end":{"line":404,"column":27}},"404":{"start":{"line":405,"column":0},"end":{"line":405,"column":22}},"405":{"start":{"line":406,"column":0},"end":{"line":406,"column":20}},"407":{"start":{"line":408,"column":0},"end":{"line":408,"column":16}},"408":{"start":{"line":409,"column":0},"end":{"line":409,"column":14}},"409":{"start":{"line":410,"column":0},"end":{"line":410,"column":12}},"410":{"start":{"line":411,"column":0},"end":{"line":411,"column":10}},"412":{"start":{"line":413,"column":0},"end":{"line":413,"column":2}},"414":{"start":{"line":415,"column":0},"end":{"line":415,"column":20}},"415":{"start":{"line":416,"column":0},"end":{"line":416,"column":37}},"416":{"start":{"line":417,"column":0},"end":{"line":417,"column":41}},"417":{"start":{"line":418,"column":0},"end":{"line":418,"column":45}},"418":{"start":{"line":419,"column":0},"end":{"line":419,"column":46}},"419":{"start":{"line":420,"column":0},"end":{"line":420,"column":47}},"420":{"start":{"line":421,"column":0},"end":{"line":421,"column":48}},"421":{"start":{"line":422,"column":0},"end":{"line":422,"column":47}},"422":{"start":{"line":423,"column":0},"end":{"line":423,"column":48}},"423":{"start":{"line":424,"column":0},"end":{"line":424,"column":30}},"424":{"start":{"line":425,"column":0},"end":{"line":425,"column":21}},"425":{"start":{"line":426,"column":0},"end":{"line":426,"column":40}},"426":{"start":{"line":427,"column":0},"end":{"line":427,"column":47}},"427":{"start":{"line":428,"column":0},"end":{"line":428,"column":6}},"428":{"start":{"line":429,"column":0},"end":{"line":429,"column":15}},"429":{"start":{"line":430,"column":0},"end":{"line":430,"column":39}},"430":{"start":{"line":431,"column":0},"end":{"line":431,"column":2}},"432":{"start":{"line":433,"column":0},"end":{"line":433,"column":22}}},"s":{"0":1,"1":1,"2":1,"3":1,"4":1,"11":1,"12":5,"13":1,"14":0,"15":0,"17":1,"18":94,"19":94,"20":94,"21":94,"22":94,"23":94,"24":94,"25":94,"26":94,"27":94,"28":94,"29":94,"30":94,"31":94,"32":94,"33":94,"34":94,"35":94,"37":94,"38":71,"39":1,"40":1,"41":1,"42":1,"43":71,"44":71,"45":94,"47":94,"48":16,"49":14,"50":14,"51":16,"52":2,"53":2,"54":1,"55":2,"56":2,"57":16,"59":94,"60":94,"61":94,"62":94,"63":94,"64":94,"65":94,"66":94,"68":94,"69":94,"70":94,"71":94,"72":94,"74":94,"75":94,"76":94,"77":94,"78":94,"79":94,"81":94,"82":94,"83":94,"84":94,"85":94,"86":94,"87":94,"88":94,"89":94,"90":94,"91":94,"94":94,"95":90,"96":90,"97":90,"98":90,"100":4,"101":4,"102":4,"103":4,"105":94,"107":94,"108":94,"109":94,"110":94,"111":94,"112":94,"113":94,"114":94,"115":94,"117":94,"118":21,"120":73,"122":94,"124":94,"125":21,"126":21,"127":21,"128":19,"129":2,"130":21,"131":21,"132":21,"133":21,"134":21,"135":21,"136":21,"137":21,"138":21,"139":21,"141":21,"142":21,"143":21,"144":21,"145":21,"146":21,"148":21,"149":21,"150":21,"151":21,"152":4,"153":0,"154":0,"155":0,"156":0,"157":0,"158":4,"159":4,"160":4,"161":4,"162":4,"163":21,"164":21,"165":21,"166":21,"167":21,"169":21,"170":21,"171":21,"173":21,"174":21,"175":21,"176":21,"177":21,"178":21,"180":21,"181":21,"182":21,"183":21,"184":5,"185":5,"186":5,"187":5,"188":0,"189":0,"190":0,"191":0,"192":0,"193":0,"194":5,"195":5,"196":5,"197":5,"198":5,"199":5,"200":5,"201":5,"202":5,"204":5,"205":15,"206":15,"207":15,"208":1,"209":1,"210":1,"211":0,"212":0,"213":1,"214":1,"215":15,"216":15,"217":15,"218":15,"219":5,"220":10,"221":15,"222":15,"223":15,"225":15,"226":15,"227":15,"228":15,"230":15,"231":15,"232":15,"233":5,"234":5,"235":5,"236":5,"238":21,"239":21,"241":21,"242":21,"243":21,"244":21,"245":21,"247":21,"248":21,"249":21,"250":21,"251":21,"252":21,"253":21,"254":21,"256":21,"257":21,"258":21,"259":21,"260":21,"261":21,"262":21,"263":21,"264":21,"265":21,"267":21,"268":21,"269":21,"270":21,"271":21,"272":21,"274":21,"275":21,"276":21,"277":21,"278":0,"279":0,"280":0,"281":0,"282":0,"283":0,"285":0,"286":0,"287":0,"288":0,"289":0,"290":0,"292":21,"294":21,"295":21,"296":21,"297":21,"298":21,"300":21,"301":21,"302":21,"303":21,"304":21,"305":21,"306":21,"307":21,"309":21,"310":21,"311":21,"312":21,"313":21,"314":21,"315":21,"316":21,"317":21,"318":21,"319":21,"320":21,"321":21,"322":21,"323":21,"324":21,"325":21,"326":21,"328":21,"329":21,"330":21,"331":21,"332":21,"333":21,"334":21,"336":21,"337":21,"338":21,"339":21,"340":0,"341":0,"342":0,"343":0,"344":0,"345":0,"347":0,"348":0,"349":0,"350":0,"351":0,"352":0,"353":0,"354":0,"355":0,"356":0,"357":0,"358":0,"359":0,"360":0,"361":0,"362":0,"363":0,"364":0,"366":0,"367":0,"368":0,"369":0,"370":0,"371":0,"372":0,"373":0,"374":0,"375":0,"376":0,"377":0,"378":0,"379":0,"380":0,"381":0,"382":0,"383":0,"385":0,"386":0,"387":0,"388":0,"389":0,"391":21,"393":21,"394":21,"395":21,"396":21,"397":21,"398":21,"399":21,"400":21,"402":21,"403":21,"404":21,"405":21,"407":94,"408":94,"409":94,"410":94,"412":94,"414":1,"415":1,"416":1,"417":1,"418":1,"419":1,"420":1,"421":1,"422":1,"423":1,"424":1,"425":1,"426":1,"427":1,"428":1,"429":1,"430":1,"432":1},"branchMap":{"0":{"type":"branch","line":12,"loc":{"start":{"line":12,"column":34},"end":{"line":16,"column":2}},"locations":[{"start":{"line":12,"column":34},"end":{"line":16,"column":2}}]},"1":{"type":"branch","line":13,"loc":{"start":{"line":13,"column":31},"end":{"line":13,"column":58}},"locations":[{"start":{"line":13,"column":31},"end":{"line":13,"column":58}}]},"2":{"type":"branch","line":13,"loc":{"start":{"line":13,"column":38},"end":{"line":14,"column":60}},"locations":[{"start":{"line":13,"column":38},"end":{"line":14,"column":60}}]},"3":{"type":"branch","line":14,"loc":{"start":{"line":14,"column":39},"end":{"line":16,"column":2}},"locations":[{"start":{"line":14,"column":39},"end":{"line":16,"column":2}}]},"4":{"type":"branch","line":18,"loc":{"start":{"line":18,"column":15},"end":{"line":413,"column":2}},"locations":[{"start":{"line":18,"column":15},"end":{"line":413,"column":2}}]},"5":{"type":"branch","line":92,"loc":{"start":{"line":92,"column":24},"end":{"line":92,"column":57}},"locations":[{"start":{"line":92,"column":24},"end":{"line":92,"column":57}}]},"6"
[...]
:14,"column":5}},"14":{"start":{"line":15,"column":0},"end":{"line":15,"column":23}},"15":{"start":{"line":16,"column":0},"end":{"line":16,"column":5}},"17":{"start":{"line":18,"column":0},"end":{"line":18,"column":46}},"18":{"start":{"line":19,"column":0},"end":{"line":19,"column":19}},"19":{"start":{"line":20,"column":0},"end":{"line":20,"column":63}},"20":{"start":{"line":21,"column":0},"end":{"line":21,"column":41}},"21":{"start":{"line":22,"column":0},"end":{"line":22,"column":14}},"23":{"start":{"line":24,"column":0},"end":{"line":24,"column":41}},"24":{"start":{"line":25,"column":0},"end":{"line":25,"column":41}},"25":{"start":{"line":26,"column":0},"end":{"line":26,"column":76}},"26":{"start":{"line":27,"column":0},"end":{"line":27,"column":9}},"28":{"start":{"line":29,"column":0},"end":{"line":29,"column":10}},"29":{"start":{"line":30,"column":0},"end":{"line":30,"column":10}},"30":{"start":{"line":31,"column":0},"end":{"line":31,"column":13}},"31":{"start":{"line":32,"column":0},"end":{"line":32,"column":16}},"32":{"start":{"line":33,"column":0},"end":{"line":33,"column":34}},"33":{"start":{"line":34,"column":0},"end":{"line":34,"column":36}},"34":{"start":{"line":35,"column":0},"end":{"line":35,"column":4}},"35":{"start":{"line":36,"column":0},"end":{"line":36,"column":2}},"37":{"start":{"line":38,"column":0},"end":{"line":38,"column":24}}},"s":{"0":1,"1":1,"3":1,"4":1,"5":1,"6":1,"7":1,"8":1,"9":1,"10":57,"11":31,"12":31,"13":31,"14":0,"15":57,"17":57,"18":57,"19":45,"20":45,"21":57,"23":57,"24":57,"25":11,"26":57,"28":57,"29":57,"30":57,"31":57,"32":57,"33":57,"34":57,"35":57,"37":1},"branchMap":{"0":{"type":"branch","line":10,"loc":{"start":{"line":10,"column":17},"end":{"line":36,"column":2}},"locations":[{"start":{"line":10,"column":17},"end":{"line":36,"column":2}}]},"1":{"type":"branch","line":11,"loc":{"start":{"line":11,"column":37},"end":{"line":16,"column":3}},"locations":[{"start":{"line":11,"column":37},"end":{"line":16,"column":3}}]},"2":{"type":"branch","line":13,"loc":{"start":{"line":13,"column":43},"end":{"line":13,"column":57}},"locations":[{"start":{"line":13,"column":43},"end":{"line":13,"column":57}}]},"3":{"type":"branch","line":14,"loc":{"start":{"line":14,"column":4},"end":{"line":16,"column":2}},"locations":[{"start":{"line":14,"column":4},"end":{"line":16,"column":2}}]},"4":{"type":"branch","line":19,"loc":{"start":{"line":19,"column":12},"end":{"line":22,"column":3}},"locations":[{"start":{"line":19,"column":12},"end":{"line":22,"column":3}}]},"5":{"type":"branch","line":25,"loc":{"start":{"line":25,"column":34},"end":{"line":27,"column":3}},"locations":[{"start":{"line":25,"column":34},"end":{"line":27,"column":3}}]},"6":{"type":"branch","line":26,"loc":{"start":{"line":26,"column":13},"end":{"line":26,"column":74}},"locations":[{"start":{"line":26,"column":13},"end":{"line":26,"column":74}}]},"7":{"type":"branch","line":26,"loc":{"start":{"line":26,"column":45},"end":{"line":26,"column":59}},"locations":[{"start":{"line":26,"column":45},"end":{"line":26,"column":59}}]},"8":{"type":"branch","line":26,"loc":{"start":{"line":26,"column":60},"end":{"line":26,"column":73}},"locations":[{"start":{"line":26,"column":60},"end":{"line":26,"column":73}}]}},"b":{"0":[57],"1":[31],"2":[20],"3":[0],"4":[45],"5":[11],"6":[11],"7":[6],"8":[5]},"fnMap":{"0":{"name":"useTheme","decl":{"start":{"line":10,"column":17},"end":{"line":36,"column":2}},"loc":{"start":{"line":10,"column":17},"end":{"line":36,"column":2}},"line":10}},"f":{"0":57}}
,"/Users/macbookpro/source/royal-card-game/src/hooks/useWindowSize.js": {"path":"/Users/macbookpro/source/royal-card-game/src/hooks/useWindowSize.js","all":false,"statementMap":{"0":{"start":{"line":1,"column":0},"end":{"line":1,"column":67}},"2":{"start":{"line":3,"column":0},"end":{"line":3,"column":3}},"3":{"start":{"line":4,"column":0},"end":{"line":4,"column":45}},"4":{"start":{"line":5,"column":0},"end":{"line":5,"column":68}},"5":{"start":{"line":6,"column":0},"end":{"line":6,"column":73}},"6":{"start":{"line":7,"column":0},"end":{"line":7,"column":3}},"7":{"start":{"line":8,"column":0},"end":{"line":8,"column":29}},"8":{"start":{"line":9,"column":0},"end":{"line":9,"column":48}},"9":{"start":{"line":10,"column":0},"end":{"line":10,"column":65}},"10":{"start":{"line":11,"column":0},"end":{"line":11,"column":67}},"11":{"start":{"line":12,"column":0},"end":{"line":12,"column":5}},"13":{"start":{"line":14,"column":0},"end":{"line":14,"column":19}},"14":{"start":{"line":15,"column":0},"end":{"line":15,"column":36}},"15":{"start":{"line":16,"column":0},"end":{"line":16,"column":21}},"16":{"start":{"line":17,"column":0},"end":{"line":17,"column":33}},"17":{"start":{"line":18,"column":0},"end":{"line":18,"column":35}},"18":{"start":{"line":19,"column":0},"end":{"line":19,"column":9}},"19":{"start":{"line":20,"column":0},"end":{"line":20,"column":6}},"21":{"start":{"line":22,"column":0},"end":{"line":22,"column":23}},"22":{"start":{"line":23,"column":0},"end":{"line":23,"column":23}},"24":{"start":{"line":25,"column":0},"end":{"line":25,"column":31}},"25":{"start":{"line":26,"column":0},"end":{"line":26,"column":56}},"27":{"start":{"line":28,"column":0},"end":{"line":28,"column":34}},"28":{"start":{"line":29,"column":0},"end":{"line":29,"column":72}},"29":{"start":{"line":30,"column":0},"end":{"line":30,"column":9}},"31":{"start":{"line":32,"column":0},"end":{"line":32,"column":20}},"32":{"start":{"line":33,"column":0},"end":{"line":33,"column":2}},"34":{"start":{"line":35,"column":0},"end":{"line":35,"column":29}}},"s":{"0":1,"2":1,"3":1,"4":1,"5":1,"6":1,"7":1,"8":87,"9":87,"10":87,"11":87,"13":87,"14":37,"15":147,"16":147,"17":147,"18":147,"19":37,"21":37,"22":37,"24":37,"25":37,"27":37,"28":37,"29":87,"31":87,"32":87,"34":1},"branchMap":{"0":{"type":"branch","line":8,"loc":{"start":{"line":8,"column":22},"end":{"line":33,"column":2}},"locations":[{"start":{"line":8,"column":22},"end":{"line":33,"column":2}}]},"1":{"type":"branch","line":10,"loc":{"start":{"line":10,"column":61},"end":{"line":10,"column":64}},"locations":[{"start":{"line":10,"column":61},"end":{"line":10,"column":64}}]},"2":{"type":"branch","line":11,"loc":{"start":{"line":11,"column":63},"end":{"line":11,"column":66}},"locations":[{"start":{"line":11,"column":63},"end":{"line":11,"column":66}}]},"3":{"type":"branch","line":14,"loc":{"start":{"line":14,"column":12},"end":{"line":30,"column":3}},"locations":[{"start":{"line":14,"column":12},"end":{"line":30,"column":3}}]},"4":{"type":"branch","line":15,"loc":{"start":{"line":15,"column":29},"end":{"line":20,"column":5}},"locations":[{"start":{"line":15,"column":29},"end":{"line":20,"column":5}}]},"5":{"type":"branch","line":29,"loc":{"start":{"line":29,"column":11},"end":{"line":29,"column":71}},"locations":[{"start":{"line":29,"column":11},"end":{"line":29,"column":71}}]}},"b":{"0":[87],"1":[0],"2":[0],"3":[37],"4":[147],"5":[37]},"fnMap":{"0":{"name":"useWindowSize","decl":{"start":{"line":8,"column":22},"end":{"line":33,"column":2}},"loc":{"start":{"line":8,"column":22},"end":{"line":33,"column":2}},"line":8},"1":{"name":"updateWindowSize","decl":{"start":{"line":15,"column":29},"end":{"line":20,"column":5}},"loc":{"start":{"line":15,"column":29},"end":{"line":20,"column":5}},"line":15}},"f":{"0":87,"1":147}}
,"/Users/macbookpro/source/royal-card-game/src/styles/index.js": {"path":"/Users/macbookpro/source/royal-card-game/src/styles/index.js","all":true,"statementMap":{"0":{"start":{"line":1,"column":0},"end":{"line":1,"column":3}},"1":{"start":{"line":2,"column":0},"end":{"line":2,"column":27}},"2":{"start":{"line":3,"column":0},"end":{"line":3,"column":55}},"3":{"start":{"line":4,"column":0},"end":{"line":4,"column":3}},"5":{"start":{"line":6,"column":0},"end":{"line":6,"column":26}}},"s":{"0":0,"1":0,"2":0,"3":0,"5":0},"branchMap":{"0":{"type":"branch","line":1,"loc":{"start":{"line":1,"column":93},"end":{"line":6,"column":-59}},"locations":[{"start":{"line":1,"column":93},"end":{"line":6,"column":-59}}]}},"b":{"0":[0]},"fnMap":{"0":{"name":"(empty-report)","decl":{"start":{"line":1,"column":93},"end":{"line":6,"column":-59}},"loc":{"start":{"line":1,"column":93},"end":{"line":6,"column":-59}},"line":1}},"f":{"0":0}}
,"/Users/macbookpro/source/royal-card-game/src/utils/cardHelpers.jsx": {"path":"/Users/macbookpro/source/royal-card-game/src/utils/cardHelpers.jsx","all":false,"statementMap":{"4":{"start":{"line":5,"column":0},"end":{"line":5,"column":77}},"11":{"start":{"line":12,"column":0},"end":{"line":12,"column":38}},"12":{"start":{"line":13,"column":0},"end":{"line":13,"column":17}},"13":{"start":{"line":14,"column":0},"end":{"line":14,"column":68}},"14":{"start":{"line":15,"column":0},"end":{"line":15,"column":72}},"15":{"start":{"line":16,"column":0},"end":{"line":16,"column":68}},"16":{"start":{"line":17,"column":0},"end":{"line":17,"column":74}},"17":{"start":{"line":18,"column":0},"end":{"line":18,"column":4}},"18":{"start":{"line":19,"column":0},"end":{"line":19,"column":21}},"19":{"start":{"line":20,"column":0},"end":{"line":20,"column":2}},"26":{"start":{"line":27,"column":0},"end":{"line":27,"column":41}},"27":{"start":{"line":28,"column":0},"end":{"line":28,"column":58}},"28":{"start":{"line":29,"column":0},"end":{"line":29,"column":44}},"29":{"start":{"line":30,"column":0},"end":{"line":30,"column":2}},"36":{"start":{"line":37,"column":0},"end":{"line":37,"column":78}},"37":{"start":{"line":38,"column":0},"end":{"line":38,"column":29}},"38":{"start":{"line":39,"column":0},"end":{"line":39,"column":32}}},"s":{"4":1,"11":1,"12":425,"13":425,"14":425,"15":425,"16":425,"17":425,"18":425,"19":425,"26":1,"27":444,"28":444,"29":444,"36":1,"37":342,"38":90},"branchMap":{"0":{"type":"branch","line":12,"loc":{"start":{"line":12,"column":27},"end":{"line":20,"column":2}},"locations":[{"start":{"line":12,"column":27},"end":{"line":20,"column":2}}]},"1":{"type":"branch","line":27,"loc":{"start":{"line":27,"column":30},"end":{"line":30,"column":2}},"locations":[{"start":{"line":27,"column":30},"end":{"line":30,"column":2}}]},"2":{"type":"branch","line":29,"loc":{"start":{"line":29,"column":23},"end":{"line":29,"column":44}},"locations":[{"start":{"line":29,"column":23},"end":{"line":29,"column":44}}]},"3":{"type":"branch","line":37,"loc":{"start":{"line":37,"column":28},"end":{"line":39,"column":32}},"locations":[{"start":{"line":37,"column":28},"end":{"line":39,"column":32}}]},"4":{"type":"branch","line":37,"loc":{"start":{"line":37,"column":47},"end":{"line":37,"column":78}},"locations":[{"start":{"line":37,"column":47},"end":{"line":37,"column":78}}]},"5":{"type":"branch","line":37,"loc":{"start":{"line":37,"column":68},"end":{"line":38,"column":29}},"locations":[{"start":{"line":37,"column":68},"end":{"line":38,"column":29}}]},"6":{"type":"branch","line":38,"loc":{"start":{"line":38,"column":6},"end":{"line":39,"column":32}},"locations":[{"start":{"line":38,"column":6},"end":{"line":39,"column":32}}]}},"b":{"0":[425],"1":[444],"2":[393],"3":[432],"4":[192],"5":[342],"6":[90]},"fnMap":{"0":{"name":"getSuitIcon","decl":{"start":{"line":12,"column":27},"end":{"line":20,"column":2}},"loc":{"start":{"line":12,"column":27},"end":{"line":20,"column":2}},"line":12},"1":{"name":"getRankDisplay","decl":{"start":{"line":27,"column":30},"end":{"line":30,"column":2}},"loc":{"start":{"line":27,"column":30},"end":{"line":30,"column":2}},"line":27},"2":{"name":"getCardColor","decl":{"start":{"line":37,"column":28},"end":{"line":39,"column":32}},"loc":{"start":{"line":37,"column":28},"end":{"line":39,"column":32}},"line":37}},"f":{"0":425,"1":444,"2":432}}
,"/Users/macbookpro/source/royal-card-game/src/utils/index.js": {"path":"/Users/macbookpro/source/royal-card-game/src/utils/index.js","all":true,"statementMap":{"0":{"start":{"line":1,"column":0},"end":{"line":1,"column":3}},"1":{"start":{"line":2,"column":0},"end":{"line":2,"column":38}},"2":{"start":{"line":3,"column":0},"end":{"line":3,"column":51}},"3":{"start":{"line":4,"column":0},"end":{"line":4,"column":3}},"5":{"start":{"line":6,"column":0},"end":{"line":6,"column":74}},"6":{"start":{"line":7,"column":0},"end":{"line":7,"column":59}}},"s":{"0":0,"1":0,"2":0,"3":0,"5":0,"6":0},"branchMap":{"0":{"type":"branch","line":1,"loc":{"start":{"line":1,"column":234},"end":{"line":7,"column":59}},"locations":[{"start":{"line":1,"column":234},"end":{"line":7,"column":59}}]}},"b":{"0":[0]},"fnMap":{"0":{"name":"(empty-report)","decl":{"start":{"line":1,"column":234},"end":{"line":7,"column":59}},"loc":{"start":{"line":1,"column":234},"end":{"line":7,"column":59}},"line":1}},"f":{"0":0}}
,"/Users/macbookpro/source/royal-card-game/src/utils/patterns.js": {"path":"/Users/macbookpro/source/royal-card-game/src/utils/patterns.js","all":false,"statementMap":{"0":{"start":{"line":1,"column":0},"end":{"line":1,"column":3}},"1":{"start":{"line":2,"column":0},"end":{"line":2,"column":30}},"2":{"start":{"line":3,"column":0},"end":{"line":3,"column":67}},"3":{"start":{"line":4,"column":0},"end":{"line":4,"column":3}},"5":{"start":{"line":6,"column":0},"end":{"line":6,"column":3}},"6":{"start":{"line":7,"column":0},"end":{"line":7,"column":31}},"7":{"start":{"line":8,"column":0},"end":{"line":8,"column":3}},"8":{"start":{"line":9,"column":0},"end":{"line":9,"column":29}},"9":{"start":{"line":10,"column":0},"end":{"line":10,"column":67}},"10":{"start":{"line":11,"column":0},"end":{"line":11,"column":74}},"11":{"start":{"line":12,"column":0},"end":{"line":12,"column":72}},"12":{"start":{"line":13,"column":0},"end":{"line":13,"column":68}},"13":{"start":{"line":14,"column":0},"end":{"line":14,"column":65}},"14":{"start":{"line":15,"column":0},"end":{"line":15,"column":71}},"15":{"start":{"line":16,"column":0},"end":{"line":16,"column":2}},"17":{"start":{"line":18,"column":0},"end":{"line":18,"column":3}},"18":{"start":{"line":19,"column":0},"end":{"line":19,"column":64}},"19":{"start":{"line":20,"column":0},"end":{"line":20,"column":53}},"20":{"start":{"line":21,"column":0},"end":{"line":21,"column":57}},"21":{"start":{"line":22,"column":0},"end":{"line":22,"column":77}},"22":{"start":{"line":23,"column":0},"end":{"line":23,"column":3}},"23":{"start":{"line":24,"column":0},"end":{"line":24,"column":54}},"24":{"start":{"line":25,"column":0},"end":{"line":25,"column":64}},"25":{"start":{"line":26,"column":0},"end":{"line":26,"column":65}},"27":{"start":{"line":28,"column":0},"end":{"line":28,"column":22}},"28":{"start":{"line":29,"column":0},"end":{"line":29,"column":19}},"29":{"start":{"line":30,"column":0},"end":{"line":30,"column":14}},"30":{"start":{"line":31,"column":0},"end":{"line":31,"column":26}},"31":{"start":{"line":32,"column":0},"end":{"line":32,"column":70}},"32":{"start":{"line":33,"column":0},"end":{"line":33,"column":71}},"33":{"start":{"line":34,"column":0},"end":{"line":34,"column":70}},"34":{"start":{"line":35,"column":0},"end":{"line":35,"column":70}},"35":{"start":{"line":36,"column":0},"end":{"line":36,"column":10}},"36":{"start":{"line":37,"column":0},"end":{"line":37,"column":34}},"37":{"start":{"line":38,"column":0},"end":{"line":38,"column":8}},"38":{"start":{"line":39,"column":0},"end":{"line":39,"column":20}},"39":{"start":{"line":40,"column":0},"end":{"line":40,"column":14}},"40":{"start":{"line":41,"column":0},"end":{"line":41,"column":52}},"41":{"start":{"line":42,"column":0},"end":{"line":42,"column":16}},"42":{"start":{"line":43,"column":0},"end":{"line":43,"column":22}},"43":{"start":{"line":44,"column":0},"end":{"line":44,"column":26}},"44":{"start":{"line":45,"column":0},"end":{"line":45,"column":29}},"45":{"start":{"line":46,"column":0},"end":{"line":46,"column":28}},"46":{"start":{"line":47,"column":0},"end":{"line":47,"column":11}},"47":{"start":{"line":48,"column":0},"end":{"line":48,"column":36}},"48":{"start":{"line":49,"column":0},"end":{"line":49,"column":8}},"49":{"start":{"line":50,"column":0},"end":{"line":50,"column":19}},"50":{"start":{"line":51,"column":0},"end":{"line":51,"column":14}},"51":{"start":{"line":52,"column":0},"end":{"line":52,"column":26}},"52":{"start":{"line":53,"column":0},"end":{"line":53,"column":107}},"53":{"start":{"line":54,"column":0},"end":{"line":54,"column":106}},"54":{"start":{"line":55,"column":0},"end":{"line":55,"column":10}},"55":{"start":{"line":56,"column":0},"end":{"line":56,"column":36}},"56":{"start":{"line":57,"column":0},"end":{"line":57,"column":43}},"57":{"start":{"line":58,"column":0},"end":{"line":58,"column":8}},"58":{"start":{"line":59,"column":0},"end":{"line":59,"column":16}},"59":{"start":{"line":60,"column":0},"end":{"line":60,"column":14}},"60":{"start":{"line":61,"column":0},"end":{"line":61,"column":89}},"61":{"start":{"line":62,"column":0},"end":{"line":62,"column":34}},"62":{"start":{"line":63,"column":0},"end":{"line":63,"column":8}},"63":{"start":{"line":64,"column":0},"end":{"line":64,"column":17}},"64":{"start":{"line":65,"column":0},"end":{"line":65,"column":14}},"65":{"start":{"line":66,"column":0},"end":{"line":66,"column":26}},"66":{"start":{"line":67,"column":0},"end":{"line":67,"column":63}},"67":{"start":{"line":68,"column":0},"end":{"line":68,"column":69}},"68":{"start":{"line":69,"column":0},"end":{"line":69,"column":10}},"69":{"start":{"line":70,"column":0},"end":{"line":70,"column":34}},"70":{"start":{"line":71,"column":0},"end":{"line":71,"column":8}},"71":{"start":{"line":72,"column":0},"end":{"line":72,"column":12}},"72":{"start":{"line":73,"column":0},"end":{"line":73,"column":14}},"73":{"start":{"line":74,"column":0},"end":{"line":74,"column":32}},"74":{"start":{"line":75,"column":0},"end":{"line":75,"column":31}},"75":{"start":{"line":76,"column":0},"end":{"line":76,"column":8}},"76":{"start":{"line":77,"column":0},"end":{"line":77,"column":3}},"77":{"start":{"line":78,"column":0},"end":{"line":78,"column":2}}},"s":{"0":1,"1":1,"2":1,"3":1,"5":1,"6":1,"7":1,"8":1,"9":1,"10":1,"11":1,"12":1,"13":1,"14":1,"15":1,"17":1,"18":1,"19":1,"20":1,"21":1,"22":1,"23":1,"24":385,"25":385,"27":385,"28":385,"29":295,"30":295,"31":295,"32":295,"33":295,"34":295,"35":295,"36":295,"37":295,"38":385,"39":18,"40":18,"41":18,"42":18,"43":18,"44":18,"45":18,"46":18,"47":18,"48":18,"49":385,"50":15,"51":15,"52":15,"53":15,"54":15,"55":15,"56":15,"57":15,"58":385,"59":22,"60":22,"61":22,"62":22,"63":385,"64":14,"65":14,"66":14,"67":14,"68":14,"69":14,"70":14,"71":385,"72":21,"73":21,"74":21,"75":21,"76":385,"77":385},"branchMap":{"0":{"type":"branch","line":24,"loc":{"start":{"line":24,"column":31},"end":{"line":78,"column":2}},"locations":[{"start":{"line":24,"column":31},"end":{"line":78,"column":2}}]},"1":{"type":"branch","line":29,"loc":{"start":{"line":29,"column":4},"end":{"line":38,"column":8}},"locations":[{"start":{"line":29,"column":4},"end":{"line":38,"column":8}}]},"2":{"type":"branch","line":39,"loc":{"start":{"line":39,"column":4},"end":{"line":49,"column":8}},"locations":[{"start":{"line":39,"column":4},"end":{"line":49,"column":8}}]},"3":{"type":"branch","line":50,"loc":{"start":{"line":50,"column":4},"end":{"line":58,"column":8}},"locations":[{"start":{"line":50,"column":4},"end":{"line":58,"column":8}}]},"4":{"type":"branch","line":59,"loc":{"start":{"line":59,"column":4},"end":{"line":63,"column":8}},"locations":[{"start":{"line":59,"column":4},"end":{"line":63,"column":8}}]},"5":{"type":"branch","line":64,"loc":{"start":{"line":64,"column":4},"end":{"line":71,"column":8}},"locations":[{"start":{"line":64,"column":4},"end":{"line":71,"column":8}}]},"6":{"type":"branch","line":72,"loc":{"start":{"line":72,"column":4},"end":{"line":76,"column":8}},"locations":[{"start":{"line":72,"column":4},"end":{"line":76,"column":8}}]}},"b":{"0":[385],"1":[295],"2":[18],"3":[15],"4":[22],"5":[14],"6":[21]},"fnMap":{"0":{"name":"getPatternStyle","decl":{"start":{"line":24,"column":31},"end":{"line":78,"column":2}},"loc":{"start":{"line":24,"column":31},"end":{"line":78,"column":2}},"line":24}},"f":{"0":385}}
}
