TN:
SF:src/App.jsx
FN:32,App
FNF:1
FNH:1
FNDA:23,App
DA:1,1
DA:2,1
DA:3,1
DA:6,1
DA:9,1
DA:19,1
DA:22,1
DA:30,1
DA:32,23
DA:34,23
DA:37,23
DA:40,23
DA:41,23
DA:44,23
DA:45,23
DA:46,23
DA:47,23
DA:48,23
DA:51,23
DA:52,23
DA:53,23
DA:54,23
DA:55,23
DA:56,23
DA:57,23
DA:58,23
DA:59,23
DA:60,23
DA:61,23
DA:62,23
DA:63,23
DA:64,23
DA:65,23
DA:66,23
DA:67,23
DA:68,23
DA:69,23
DA:70,23
DA:71,23
DA:74,23
DA:75,23
DA:76,23
DA:77,23
DA:79,23
DA:80,23
DA:82,23
DA:83,0
DA:84,0
DA:85,0
DA:86,0
DA:87,0
DA:88,0
DA:92,23
DA:93,23
DA:94,23
DA:95,23
DA:96,23
DA:97,23
DA:98,23
DA:99,23
DA:100,23
DA:103,23
DA:104,0
DA:105,0
DA:106,0
DA:107,0
DA:108,0
DA:109,0
DA:110,0
DA:111,0
DA:115,23
DA:116,23
DA:117,23
DA:118,23
DA:119,23
DA:120,23
DA:121,23
DA:122,23
DA:123,23
DA:124,23
DA:125,23
DA:126,23
DA:127,23
DA:128,23
DA:129,23
DA:130,23
DA:131,23
DA:132,23
DA:133,23
DA:134,23
DA:135,23
DA:136,23
DA:139,23
DA:140,23
DA:141,23
DA:142,23
DA:143,23
DA:144,23
DA:145,23
DA:146,23
DA:147,23
DA:148,23
DA:149,23
DA:150,23
DA:153,23
DA:154,23
DA:155,23
DA:156,23
DA:157,23
DA:158,23
DA:161,23
DA:162,23
DA:166,23
DA:167,0
DA:169,0
DA:170,0
DA:171,0
DA:172,0
DA:173,0
DA:174,0
DA:175,0
DA:178,0
DA:179,0
DA:180,0
DA:181,0
DA:182,0
DA:183,0
DA:184,0
DA:185,0
DA:186,0
DA:187,0
DA:188,0
DA:189,0
DA:190,0
DA:191,0
DA:192,0
DA:193,0
DA:194,0
DA:195,0
DA:196,0
DA:200,23
DA:201,0
DA:202,0
DA:203,0
DA:204,0
DA:205,0
DA:206,0
DA:208,23
DA:209,23
DA:210,23
DA:212,23
DA:214,1
LF:152
LH:105
BRDA:32,0,0,23
BRDA:82,1,0,0
BRDA:94,2,0,0
BRDA:103,3,0,0
BRDA:166,4,0,0
BRDA:200,5,0,0
BRF:6
BRH:1
end_of_record
TN:
SF:src/components/Card.jsx
FN:9,Card
FNF:1
FNH:1
FNDA:284,Card
DA:1,1
DA:2,1
DA:3,1
DA:9,1
DA:10,284
DA:11,284
DA:12,284
DA:13,284
DA:14,284
DA:15,284
DA:16,284
DA:17,284
DA:18,284
DA:19,284
DA:20,284
DA:21,284
DA:22,284
DA:23,284
DA:24,284
DA:25,284
DA:26,284
DA:27,284
DA:28,284
DA:30,284
DA:31,283
DA:32,9
DA:33,9
DA:34,9
DA:35,284
DA:37,284
DA:39,284
DA:40,284
DA:41,284
DA:42,284
DA:43,284
DA:44,284
DA:45,284
DA:46,284
DA:47,284
DA:48,284
DA:49,284
DA:50,284
DA:51,284
DA:52,284
DA:53,284
DA:54,284
DA:56,284
DA:57,284
DA:58,284
DA:59,284
DA:60,284
DA:61,284
DA:62,284
DA:63,284
DA:64,284
DA:65,284
DA:66,284
DA:67,284
DA:68,284
DA:69,284
DA:70,284
DA:71,284
DA:72,284
DA:73,284
DA:74,284
DA:76,284
DA:77,284
DA:78,284
DA:79,284
DA:80,284
DA:81,284
DA:83,284
DA:84,284
DA:85,284
DA:86,284
DA:87,284
DA:88,284
DA:89,284
DA:90,284
DA:91,284
DA:92,284
DA:94,284
DA:95,284
DA:96,284
DA:97,284
DA:99,284
DA:101,1
DA:102,1
DA:103,1
DA:104,1
DA:105,1
DA:106,1
DA:107,1
DA:108,1
DA:109,1
DA:110,1
DA:111,1
DA:112,1
DA:113,1
DA:114,1
DA:115,1
DA:116,1
DA:117,1
DA:118,1
DA:120,1
LF:105
LH:105
BRDA:9,0,0,284
BRDA:37,1,0,10
BRDA:47,2,0,256
BRDA:47,3,0,28
BRDA:47,4,0,4
BRDA:47,5,0,280
BRDA:47,6,0,9
BRDA:47,7,0,275
BRDA:52,8,0,140
BRDA:52,9,0,144
BRDA:53,10,0,4
BRDA:53,11,0,280
BRDA:30,12,0,283
BRDA:31,13,0,9
BRDA:32,14,0,3
BRDA:33,15,0,9
BRF:16
BRH:16
end_of_record
TN:
SF:src/components/GameTable.jsx
FN:7,DragHint
FN:102,GameTable
FNF:2
FNH:2
FNDA:45,DragHint
FNDA:45,GameTable
DA:1,1
DA:2,1
DA:3,1
DA:4,1
DA:5,1
DA:7,1
DA:8,45
DA:9,45
DA:11,45
DA:12,45
DA:13,34
DA:14,1
DA:15,1
DA:16,34
DA:18,34
DA:19,0
DA:20,34
DA:22,34
DA:23,34
DA:24,34
DA:25,34
DA:26,34
DA:27,45
DA:29,45
DA:31,0
DA:32,0
DA:33,0
DA:34,0
DA:35,0
DA:36,0
DA:37,0
DA:38,0
DA:39,0
DA:40,0
DA:41,0
DA:43,0
DA:44,0
DA:45,0
DA:46,0
DA:47,0
DA:48,0
DA:49,0
DA:50,0
DA:53,0
DA:54,0
DA:55,0
DA:56,0
DA:57,0
DA:58,0
DA:59,0
DA:61,0
DA:62,0
DA:63,0
DA:64,0
DA:65,0
DA:66,0
DA:68,0
DA:69,0
DA:70,0
DA:71,0
DA:72,0
DA:73,0
DA:76,0
DA:77,0
DA:78,0
DA:79,0
DA:80,0
DA:81,0
DA:82,0
DA:83,0
DA:84,0
DA:85,0
DA:86,0
DA:87,0
DA:88,0
DA:89,0
DA:90,0
DA:92,0
DA:93,0
DA:94,0
DA:96,0
DA:98,1
DA:99,1
DA:100,1
DA:102,1
DA:103,45
DA:104,45
DA:105,45
DA:106,45
DA:107,45
DA:108,45
DA:109,45
DA:110,45
DA:111,45
DA:112,45
DA:113,45
DA:114,45
DA:115,45
DA:116,45
DA:117,45
DA:118,45
DA:119,45
DA:121,45
DA:122,45
DA:123,43
DA:124,41
DA:125,36
DA:127,45
DA:128,45
DA:129,45
DA:130,45
DA:132,45
DA:133,45
DA:134,45
DA:135,45
DA:136,45
DA:137,45
DA:138,45
DA:139,45
DA:140,45
DA:141,45
DA:142,45
DA:143,45
DA:144,45
DA:146,45
DA:147,45
DA:148,45
DA:149,45
DA:150,45
DA:151,45
DA:152,45
DA:153,45
DA:154,45
DA:155,45
DA:156,45
DA:157,45
DA:158,45
DA:159,40
DA:160,5
DA:161,45
DA:163,45
DA:164,40
DA:165,40
DA:166,40
DA:167,40
DA:169,40
DA:171,5
DA:172,5
DA:173,10
DA:174,10
DA:175,10
DA:176,10
DA:177,10
DA:178,10
DA:179,5
DA:180,5
DA:182,45
DA:185,45
DA:186,45
DA:187,45
DA:188,45
DA:190,45
DA:191,45
DA:192,45
DA:193,45
DA:194,45
DA:195,45
DA:196,45
DA:197,45
DA:199,45
DA:200,45
DA:201,45
DA:202,45
DA:203,45
DA:204,45
DA:205,45
DA:206,45
DA:207,45
DA:209,45
DA:210,45
DA:211,45
DA:212,45
DA:213,45
DA:214,45
DA:215,45
DA:216,45
DA:218,45
DA:219,45
DA:220,45
DA:221,45
DA:222,45
DA:223,45
DA:224,45
DA:225,45
DA:226,45
DA:228,45
DA:229,45
DA:230,45
DA:231,45
DA:232,45
DA:233,45
DA:234,45
DA:235,45
DA:237,45
DA:238,45
DA:239,45
DA:240,45
DA:241,45
DA:242,45
DA:243,45
DA:244,45
DA:245,45
DA:247,45
DA:248,45
DA:249,45
DA:250,45
DA:251,45
DA:252,45
DA:253,45
DA:254,45
DA:256,45
DA:257,45
DA:258,45
DA:259,45
DA:260,45
DA:261,45
DA:262,45
DA:263,45
DA:264,45
DA:265,45
DA:266,45
DA:267,45
DA:268,45
DA:269,45
DA:271,45
DA:291,45
DA:292,45
DA:294,45
DA:296,1
DA:297,1
DA:298,1
DA:299,1
DA:300,1
DA:301,1
DA:302,1
DA:303,1
DA:304,1
DA:305,1
DA:306,1
DA:307,1
DA:308,1
DA:309,1
DA:310,1
DA:311,1
DA:312,1
DA:313,1
DA:314,1
DA:315,1
DA:316,1
DA:318,1
LF:260
LH:202
BRDA:7,0,0,45
BRDA:29,1,0,0
BRDA:11,2,0,45
BRDA:12,3,0,34
BRDA:12,4,0,34
BRDA:13,5,0,1
BRDA:22,6,0,34
BRDA:102,7,0,45
BRDA:122,8,0,43
BRDA:123,9,0,41
BRDA:124,10,0,36
BRDA:158,11,0,40
BRDA:159,12,0,5
BRDA:163,13,0,40
BRDA:169,14,0,5
BRDA:172,15,0,10
BRF:16
BRH:15
end_of_record
TN:
SF:src/components/Header.jsx
FN:12,getDropdownAnimationClass
FN:18,Header
FN:39,handleClickOutside
FN:48,handleSettingsClick
FN:152,onClick
FN:188,onClick
FN:208,onClick
FN:251,onClick
FN:304,onClick
FNF:9
FNH:6
FNDA:5,getDropdownAnimationClass
FNDA:94,Header
FNDA:1,handleClickOutside
FNDA:16,handleSettingsClick
FNDA:4,onClick
FNDA:0,onClick
FNDA:1,onClick
FNDA:0,onClick
FNDA:0,onClick
DA:1,1
DA:2,1
DA:3,1
DA:4,1
DA:5,1
DA:12,1
DA:13,5
DA:14,1
DA:15,0
DA:16,0
DA:18,1
DA:19,94
DA:20,94
DA:21,94
DA:22,94
DA:23,94
DA:24,94
DA:25,94
DA:26,94
DA:27,94
DA:28,94
DA:29,94
DA:30,94
DA:31,94
DA:32,94
DA:33,94
DA:34,94
DA:35,94
DA:36,94
DA:38,94
DA:39,71
DA:40,1
DA:41,1
DA:42,1
DA:43,1
DA:44,71
DA:45,71
DA:46,94
DA:48,94
DA:49,16
DA:50,14
DA:51,14
DA:52,16
DA:53,2
DA:54,2
DA:55,1
DA:56,2
DA:57,2
DA:58,16
DA:60,94
DA:61,94
DA:62,94
DA:63,94
DA:64,94
DA:65,94
DA:66,94
DA:67,94
DA:69,94
DA:70,94
DA:71,94
DA:72,94
DA:73,94
DA:75,94
DA:76,94
DA:77,94
DA:78,94
DA:79,94
DA:80,94
DA:82,94
DA:83,94
DA:84,94
DA:85,94
DA:86,94
DA:87,94
DA:88,94
DA:89,94
DA:90,94
DA:91,94
DA:92,94
DA:95,94
DA:96,90
DA:97,90
DA:98,90
DA:99,90
DA:101,4
DA:102,4
DA:103,4
DA:104,4
DA:106,94
DA:108,94
DA:109,94
DA:110,94
DA:111,94
DA:112,94
DA:113,94
DA:114,94
DA:115,94
DA:116,94
DA:118,94
DA:119,21
DA:121,73
DA:123,94
DA:125,94
DA:126,21
DA:127,21
DA:128,21
DA:129,19
DA:130,2
DA:131,21
DA:132,21
DA:133,21
DA:134,21
DA:135,21
DA:136,21
DA:137,21
DA:138,21
DA:139,21
DA:140,21
DA:142,21
DA:143,21
DA:144,21
DA:145,21
DA:146,21
DA:147,21
DA:149,21
DA:150,21
DA:151,21
DA:152,21
DA:153,4
DA:154,0
DA:155,0
DA:156,0
DA:157,0
DA:158,0
DA:159,4
DA:160,4
DA:161,4
DA:162,4
DA:163,4
DA:164,21
DA:165,21
DA:166,21
DA:167,21
DA:168,21
DA:170,21
DA:171,21
DA:172,21
DA:174,21
DA:175,21
DA:176,21
DA:177,21
DA:178,21
DA:179,21
DA:181,21
DA:182,21
DA:183,21
DA:184,21
DA:185,5
DA:186,5
DA:187,5
DA:188,5
DA:189,0
DA:190,0
DA:191,0
DA:192,0
DA:193,0
DA:194,0
DA:195,5
DA:196,5
DA:197,5
DA:198,5
DA:199,5
DA:200,5
DA:201,5
DA:202,5
DA:203,5
DA:205,5
DA:206,15
DA:207,15
DA:208,15
DA:209,1
DA:210,1
DA:211,1
DA:212,0
DA:213,0
DA:214,1
DA:215,1
DA:216,15
DA:217,15
DA:218,15
DA:219,15
DA:220,5
DA:221,10
DA:222,15
DA:223,15
DA:224,15
DA:226,15
DA:227,15
DA:228,15
DA:229,15
DA:231,15
DA:232,15
DA:233,15
DA:234,5
DA:235,5
DA:236,5
DA:237,5
DA:239,21
DA:240,21
DA:242,21
DA:243,21
DA:244,21
DA:245,21
DA:246,21
DA:248,21
DA:249,21
DA:250,21
DA:251,21
DA:252,21
DA:253,21
DA:254,21
DA:255,21
DA:257,21
DA:258,21
DA:259,21
DA:260,21
DA:261,21
DA:262,21
DA:263,21
DA:264,21
DA:265,21
DA:266,21
DA:268,21
DA:269,21
DA:270,21
DA:271,21
DA:272,21
DA:273,21
DA:275,21
DA:276,21
DA:277,21
DA:278,21
DA:279,0
DA:280,0
DA:281,0
DA:282,0
DA:283,0
DA:284,0
DA:286,0
DA:287,0
DA:288,0
DA:289,0
DA:290,0
DA:291,0
DA:293,21
DA:295,21
DA:296,21
DA:297,21
DA:298,21
DA:299,21
DA:301,21
DA:302,21
DA:303,21
DA:304,21
DA:305,21
DA:306,21
DA:307,21
DA:308,21
DA:310,21
DA:311,21
DA:312,21
DA:313,21
DA:314,21
DA:315,21
DA:316,21
DA:317,21
DA:318,21
DA:319,21
DA:320,21
DA:321,21
DA:322,21
DA:323,21
DA:324,21
DA:325,21
DA:326,21
DA:327,21
DA:329,21
DA:330,21
DA:331,21
DA:332,21
DA:333,21
DA:334,21
DA:335,21
DA:337,21
DA:338,21
DA:339,21
DA:340,21
DA:341,0
DA:342,0
DA:343,0
DA:344,0
DA:345,0
DA:346,0
DA:348,0
DA:349,0
DA:350,0
DA:351,0
DA:352,0
DA:353,0
DA:354,0
DA:355,0
DA:356,0
DA:357,0
DA:358,0
DA:359,0
DA:360,0
DA:361,0
DA:362,0
DA:363,0
DA:364,0
DA:365,0
DA:367,0
DA:368,0
DA:369,0
DA:370,0
DA:371,0
DA:372,0
DA:373,0
DA:374,0
DA:375,0
DA:376,0
DA:377,0
DA:378,0
DA:379,0
DA:380,0
DA:381,0
DA:382,0
DA:383,0
DA:384,0
DA:386,0
DA:387,0
DA:388,0
DA:389,0
DA:390,0
DA:392,21
DA:394,21
DA:395,21
DA:396,21
DA:397,21
DA:398,21
DA:399,21
DA:400,21
DA:401,21
DA:403,21
DA:404,21
DA:405,21
DA:406,21
DA:408,94
DA:409,94
DA:410,94
DA:411,94
DA:413,94
DA:415,1
DA:416,1
DA:417,1
DA:418,1
DA:419,1
DA:420,1
DA:421,1
DA:422,1
DA:423,1
DA:424,1
DA:425,1
DA:426,1
DA:427,1
DA:428,1
DA:429,1
DA:430,1
DA:431,1
DA:433,1
LF:380
LH:306
BRDA:12,0,0,5
BRDA:13,1,0,4
BRDA:13,2,0,1
BRDA:14,3,0,0
BRDA:18,4,0,94
BRDA:92,5,0,90
BRDA:92,6,0,4
BRDA:95,7,0,90
BRDA:99,8,0,4
BRDA:118,9,0,21
BRDA:119,10,0,73
BRDA:125,11,0,21
BRDA:128,12,0,19
BRDA:129,13,0,2
BRDA:177,14,0,5
BRDA:177,15,0,16
BRDA:184,16,0,5
BRDA:271,17,0,0
BRDA:278,18,0,0
BRDA:330,19,0,0
BRDA:333,20,0,0
BRDA:340,21,0,0
BRDA:38,22,0,71
BRDA:39,23,0,1
BRDA:45,24,0,71
BRDA:48,25,0,16
BRDA:49,26,0,14
BRDA:52,27,0,2
BRDA:54,28,0,1
BRDA:152,29,0,4
BRDA:153,30,0,0
BRDA:205,31,0,15
BRDA:219,32,0,5
BRDA:220,33,0,10
BRDA:208,34,0,1
BRDA:329,35,0,42
BRF:36
BRH:29
end_of_record
TN:
SF:src/components/Leaderboard.jsx
FN:3,Leaderboard
FNF:1
FNH:1
FNDA:39,Leaderboard
DA:1,1
DA:3,1
DA:4,39
DA:5,39
DA:6,39
DA:7,39
DA:8,39
DA:9,39
DA:10,39
DA:11,39
DA:12,156
DA:13,156
DA:14,156
DA:15,39
DA:16,39
DA:18,39
DA:19,39
DA:20,39
DA:21,39
DA:22,39
DA:23,39
DA:24,39
DA:25,39
DA:26,39
DA:27,39
DA:29,39
DA:30,39
DA:31,39
DA:33,39
DA:34,39
DA:35,39
DA:36,39
DA:37,156
DA:38,156
DA:39,156
DA:40,156
DA:41,156
DA:42,156
DA:43,38
DA:44,118
DA:45,156
DA:46,156
DA:47,156
DA:48,156
DA:49,156
DA:50,38
DA:51,118
DA:52,156
DA:54,156
DA:55,156
DA:56,156
DA:57,156
DA:58,156
DA:59,156
DA:60,156
DA:61,156
DA:62,156
DA:63,156
DA:64,156
DA:65,156
DA:66,156
DA:67,156
DA:68,156
DA:69,156
DA:70,156
DA:71,156
DA:72,156
DA:73,156
DA:74,156
DA:75,156
DA:76,156
DA:78,156
DA:79,156
DA:80,156
DA:81,156
DA:82,156
DA:83,156
DA:84,156
DA:85,156
DA:86,156
DA:87,156
DA:89,156
DA:90,156
DA:91,156
DA:92,156
DA:93,38
DA:94,38
DA:95,38
DA:96,38
DA:98,156
DA:100,39
DA:101,39
DA:102,39
DA:103,39
DA:105,39
DA:107,1
DA:108,1
DA:109,1
DA:110,1
DA:111,1
DA:112,1
DA:113,1
DA:114,1
DA:115,1
DA:116,1
DA:117,1
DA:118,1
DA:119,1
DA:120,1
DA:121,1
DA:123,1
LF:111
LH:111
BRDA:3,0,0,39
BRDA:11,1,0,156
BRDA:16,2,0,189
BRDA:36,3,0,156
BRDA:42,4,0,38
BRDA:43,5,0,118
BRDA:49,6,0,38
BRDA:50,7,0,118
BRDA:82,8,0,2
BRDA:82,9,0,154
BRDA:92,10,0,38
BRF:11
BRH:11
end_of_record
TN:
SF:src/components/LoadingScreen.jsx
FN:5,AceOfSpadesCard
FN:83,LoadingScreen
FNF:2
FNH:2
FNDA:162,AceOfSpadesCard
FNDA:54,LoadingScreen
DA:1,1
DA:2,1
DA:3,1
DA:5,1
DA:6,162
DA:7,162
DA:8,162
DA:9,162
DA:10,162
DA:11,162
DA:12,6
DA:13,156
DA:14,162
DA:15,162
DA:16,6
DA:17,156
DA:18,162
DA:19,162
DA:20,162
DA:21,162
DA:22,162
DA:23,162
DA:24,162
DA:25,162
DA:26,162
DA:27,6
DA:28,156
DA:29,162
DA:30,162
DA:31,162
DA:34,162
DA:35,162
DA:36,162
DA:37,162
DA:38,162
DA:39,162
DA:40,162
DA:41,162
DA:42,162
DA:45,162
DA:46,162
DA:47,162
DA:48,162
DA:49,162
DA:50,162
DA:51,162
DA:52,162
DA:53,162
DA:54,162
DA:55,162
DA:57,162
DA:60,162
DA:61,162
DA:62,162
DA:63,162
DA:64,162
DA:65,162
DA:66,162
DA:67,162
DA:68,162
DA:69,162
DA:70,162
DA:72,162
DA:73,162
DA:74,162
DA:77,1
DA:78,1
DA:79,1
DA:80,1
DA:81,1
DA:83,1
DA:84,54
DA:85,54
DA:86,54
DA:87,54
DA:88,54
DA:89,54
DA:90,54
DA:91,54
DA:94,54
DA:95,51
DA:96,51
DA:97,51
DA:98,51
DA:100,51
DA:101,51
DA:102,194
DA:105,194
DA:106,194
DA:108,194
DA:110,194
DA:111,7
DA:112,7
DA:113,7
DA:114,51
DA:116,51
DA:117,54
DA:119,54
DA:120,54
DA:121,0
DA:122,0
DA:123,0
DA:124,0
DA:125,0
DA:126,0
DA:127,0
DA:128,0
DA:129,0
DA:131,0
DA:132,0
DA:133,54
DA:135,54
DA:137,54
DA:139,54
DA:140,54
DA:141,54
DA:142,54
DA:143,54
DA:144,54
DA:145,54
DA:146,54
DA:147,54
DA:148,54
DA:149,54
DA:150,54
DA:151,2
DA:152,52
DA:153,54
DA:154,54
DA:157,54
DA:158,54
DA:159,54
DA:160,54
DA:161,54
DA:162,54
DA:163,54
DA:164,54
DA:165,54
DA:166,2
DA:167,52
DA:168,54
DA:169,54
DA:170,54
DA:173,54
DA:174,54
DA:175,54
DA:176,54
DA:177,54
DA:178,54
DA:179,54
DA:180,54
DA:183,54
DA:184,54
DA:185,54
DA:186,54
DA:187,54
DA:188,54
DA:189,54
DA:190,54
DA:191,54
DA:192,54
DA:193,54
DA:194,2
DA:195,52
DA:196,54
DA:197,54
DA:198,54
DA:201,54
DA:202,54
DA:203,54
DA:204,54
DA:205,54
DA:206,54
DA:207,54
DA:208,54
DA:209,54
DA:210,54
DA:211,54
DA:212,54
DA:213,54
DA:214,54
DA:215,54
DA:216,54
DA:217,54
DA:218,54
DA:219,54
DA:220,54
DA:221,54
DA:222,54
DA:223,54
DA:224,54
DA:227,54
DA:228,54
DA:229,54
DA:230,54
DA:231,54
DA:232,54
DA:233,54
DA:235,54
DA:236,54
DA:237,54
DA:238,54
DA:239,54
DA:240,54
DA:241,54
DA:242,54
DA:243,54
DA:244,54
DA:245,54
DA:246,54
DA:247,54
DA:248,54
DA:249,54
DA:250,54
DA:251,54
DA:252,54
DA:253,54
DA:256,54
DA:257,54
DA:258,54
DA:259,54
DA:260,2
DA:261,52
DA:262,54
DA:263,54
DA:264,54
DA:265,54
DA:266,2
DA:267,52
DA:268,54
DA:269,54
DA:270,54
DA:271,54
DA:273,54
DA:274,54
DA:275,54
DA:276,54
DA:277,54
DA:278,54
DA:279,54
DA:280,54
DA:281,54
DA:282,2
DA:283,52
DA:284,54
DA:285,54
DA:286,54
DA:288,54
DA:289,54
DA:290,54
DA:291,54
DA:292,54
DA:293,54
DA:296,54
DA:297,54
DA:298,54
DA:299,54
DA:300,54
DA:301,54
DA:302,54
DA:303,54
DA:304,54
DA:305,54
DA:307,54
DA:310,54
DA:311,54
DA:312,54
DA:313,54
DA:314,54
DA:315,2
DA:316,52
DA:317,54
DA:318,54
DA:319,54
DA:320,54
DA:322,54
DA:323,54
DA:324,54
DA:325,54
DA:326,54
DA:327,54
DA:328,54
DA:329,54
DA:330,54
DA:331,54
DA:332,54
DA:333,54
DA:334,54
DA:337,54
DA:338,54
DA:339,54
DA:340,54
DA:341,54
DA:342,54
DA:343,54
DA:344,54
DA:346,54
DA:347,54
DA:348,54
DA:351,54
DA:352,54
DA:353,54
DA:354,54
DA:355,54
DA:356,54
DA:357,54
DA:358,54
DA:359,54
DA:360,54
DA:361,54
DA:362,54
DA:364,54
DA:541,54
DA:542,54
DA:544,54
DA:546,1
DA:547,1
DA:548,1
DA:549,1
DA:550,1
DA:551,1
DA:553,1
LF:322
LH:311
BRDA:5,0,0,162
BRDA:11,1,0,6
BRDA:12,2,0,156
BRDA:15,3,0,6
BRDA:16,4,0,156
BRDA:26,5,0,6
BRDA:27,6,0,156
BRDA:83,7,0,54
BRDA:135,8,0,0
BRDA:141,9,0,0
BRDA:150,10,0,2
BRDA:151,11,0,52
BRDA:165,12,0,2
BRDA:166,13,0,52
BRDA:193,14,0,2
BRDA:194,15,0,52
BRDA:259,16,0,2
BRDA:260,17,0,52
BRDA:265,18,0,2
BRDA:266,19,0,52
BRDA:281,20,0,2
BRDA:282,21,0,52
BRDA:302,22,0,2
BRDA:302,23,0,52
BRDA:314,24,0,2
BRDA:315,25,0,52
BRDA:94,26,0,51
BRDA:101,27,0,194
BRDA:110,28,0,7
BRDA:116,29,0,51
BRDA:119,30,0,54
BRDA:120,31,0,8
BRDA:120,32,0,0
BRF:33
BRH:30
end_of_record
TN:
SF:src/components/PlayedCard.jsx
FN:9,PlayedCard
FNF:1
FNH:1
FNDA:74,PlayedCard
DA:1,1
DA:2,1
DA:3,1
DA:9,1
DA:10,74
DA:11,74
DA:12,74
DA:13,74
DA:15,74
DA:16,70
DA:17,70
DA:18,74
DA:20,74
DA:21,74
DA:22,74
DA:23,74
DA:24,74
DA:25,74
DA:26,74
DA:27,74
DA:28,74
DA:30,74
DA:31,74
DA:32,74
DA:33,74
DA:34,74
DA:35,74
DA:36,74
DA:37,74
DA:38,74
DA:39,74
DA:40,74
DA:41,74
DA:42,74
DA:43,74
DA:44,74
DA:45,74
DA:46,74
DA:48,74
DA:49,74
DA:50,74
DA:51,74
DA:52,74
DA:53,74
DA:54,74
DA:56,74
DA:57,74
DA:58,74
DA:59,74
DA:60,74
DA:61,74
DA:62,74
DA:63,74
DA:64,74
DA:65,74
DA:67,74
DA:68,74
DA:69,74
DA:70,74
DA:72,74
DA:74,1
DA:75,1
DA:76,1
DA:77,1
DA:78,1
DA:79,1
DA:80,1
DA:81,1
DA:82,1
DA:83,1
DA:84,1
DA:85,1
DA:86,1
DA:87,1
DA:88,1
DA:90,1
LF:76
LH:76
BRDA:9,0,0,74
BRDA:22,1,0,71
BRDA:22,2,0,3
BRDA:22,3,0,5
BRDA:22,4,0,69
BRDA:15,5,0,70
BRDA:16,6,0,4
BRDA:17,7,0,70
BRF:8
BRH:8
end_of_record
TN:
SF:src/components/PlayerPanel.jsx
FN:4,PlayerPanel
FNF:1
FNH:1
FNDA:174,PlayerPanel
DA:1,1
DA:2,1
DA:4,1
DA:5,174
DA:6,174
DA:7,174
DA:8,174
DA:9,174
DA:10,174
DA:11,174
DA:12,174
DA:13,174
DA:14,174
DA:15,174
DA:16,174
DA:17,174
DA:18,174
DA:19,174
DA:20,174
DA:21,174
DA:22,174
DA:23,174
DA:25,174
DA:26,174
DA:27,174
DA:28,174
DA:29,174
DA:30,174
DA:31,174
DA:32,174
DA:33,174
DA:34,174
DA:35,174
DA:36,174
DA:37,174
DA:38,174
DA:39,174
DA:40,174
DA:41,174
DA:42,174
DA:43,174
DA:45,174
DA:46,174
DA:47,174
DA:48,174
DA:49,174
DA:50,174
DA:51,174
DA:53,174
DA:54,174
DA:55,174
DA:56,174
DA:57,174
DA:58,174
DA:59,174
DA:60,174
DA:61,174
DA:63,174
DA:64,174
DA:65,174
DA:67,174
DA:68,174
DA:69,243
DA:70,243
DA:71,243
DA:72,243
DA:73,243
DA:74,243
DA:75,243
DA:76,243
DA:77,243
DA:78,243
DA:79,243
DA:80,243
DA:81,243
DA:82,243
DA:83,243
DA:84,243
DA:86,174
DA:87,174
DA:88,174
DA:91,1
DA:92,1
DA:93,1
DA:94,1
DA:95,1
DA:96,1
DA:97,1
DA:98,1
DA:99,1
DA:100,1
DA:101,1
DA:102,1
DA:103,1
DA:104,1
DA:106,1
LF:96
LH:96
BRDA:4,0,0,174
BRDA:14,1,0,6
BRDA:14,2,0,168
BRDA:53,3,0,6
BRDA:53,4,0,168
BRDA:68,5,0,243
BRDA:73,6,0,9
BRDA:73,7,0,234
BRF:8
BRH:8
end_of_record
TN:
SF:src/components/UserHand.jsx
FN:4,UserHand
FN:89,onDragStart
FN:91,onTouchStart
FNF:3
FNH:1
FNDA:91,UserHand
FNDA:0,onDragStart
FNDA:0,onTouchStart
DA:1,1
DA:2,1
DA:4,1
DA:5,91
DA:6,91
DA:7,91
DA:8,91
DA:9,91
DA:10,91
DA:11,91
DA:12,91
DA:13,91
DA:14,91
DA:15,91
DA:16,91
DA:17,91
DA:18,91
DA:19,91
DA:20,91
DA:21,91
DA:22,91
DA:23,91
DA:24,91
DA:25,91
DA:26,91
DA:27,91
DA:28,91
DA:30,91
DA:31,91
DA:32,91
DA:33,91
DA:34,91
DA:35,91
DA:36,91
DA:37,91
DA:38,91
DA:39,91
DA:40,91
DA:41,91
DA:42,91
DA:43,91
DA:44,91
DA:45,91
DA:46,91
DA:47,91
DA:49,91
DA:50,91
DA:51,91
DA:52,91
DA:53,91
DA:54,86
DA:55,5
DA:56,91
DA:57,91
DA:59,91
DA:60,91
DA:61,91
DA:62,91
DA:63,91
DA:64,91
DA:65,91
DA:66,91
DA:67,91
DA:69,91
DA:70,91
DA:71,91
DA:73,91
DA:74,91
DA:75,91
DA:76,91
DA:77,91
DA:78,91
DA:80,91
DA:81,225
DA:82,225
DA:83,225
DA:84,225
DA:85,225
DA:86,225
DA:87,225
DA:88,225
DA:89,225
DA:90,225
DA:91,225
DA:92,225
DA:93,225
DA:94,225
DA:95,91
DA:96,91
DA:97,91
DA:99,91
DA:101,1
DA:102,1
DA:103,1
DA:104,1
DA:105,1
DA:106,1
DA:107,1
DA:108,1
DA:109,1
DA:110,1
DA:111,1
DA:112,1
DA:113,1
DA:114,1
DA:115,1
DA:116,1
DA:117,1
DA:119,1
LF:109
LH:109
BRDA:4,0,0,91
BRDA:53,1,0,86
BRDA:54,2,0,5
BRDA:59,3,0,86
BRDA:59,4,0,5
BRDA:80,5,0,225
BRDA:86,6,0,212
BRDA:87,7,0,8
BRF:8
BRH:8
end_of_record
TN:
SF:src/components/WaitingRoom.jsx
FN:4,WaitingRoom
FNF:1
FNH:1
FNDA:52,WaitingRoom
DA:1,1
DA:2,1
DA:4,1
DA:5,52
DA:6,52
DA:7,52
DA:8,52
DA:9,52
DA:10,52
DA:11,52
DA:12,52
DA:13,52
DA:14,52
DA:15,52
DA:17,52
DA:18,52
DA:19,52
DA:20,52
DA:21,52
DA:22,52
DA:23,52
DA:24,52
DA:25,52
DA:26,52
DA:28,52
DA:29,52
DA:30,52
DA:31,52
DA:33,52
DA:35,52
DA:36,52
DA:37,199
DA:38,199
DA:39,199
DA:40,199
DA:41,199
DA:42,199
DA:43,199
DA:45,199
DA:46,199
DA:47,199
DA:48,199
DA:49,199
DA:50,199
DA:51,199
DA:52,199
DA:53,199
DA:54,199
DA:56,199
DA:57,199
DA:58,199
DA:59,199
DA:60,199
DA:62,199
DA:63,51
DA:65,148
DA:66,199
DA:68,199
DA:69,199
DA:70,199
DA:71,52
DA:72,52
DA:74,52
DA:75,52
DA:76,52
DA:77,52
DA:78,52
DA:79,52
DA:80,52
DA:81,52
DA:82,52
DA:84,52
DA:85,52
DA:86,52
DA:87,52
DA:88,52
DA:91,1
DA:92,1
DA:93,1
DA:94,1
DA:95,1
DA:96,1
DA:97,1
DA:98,1
DA:99,1
DA:101,1
LF:86
LH:86
BRDA:4,0,0,52
BRDA:36,1,0,199
BRDA:62,2,0,51
BRDA:63,3,0,148
BRF:4
BRH:4
end_of_record
TN:
SF:src/components/WinnerModal.jsx
FN:4,WinnerModal
FNF:1
FNH:1
FNDA:35,WinnerModal
DA:1,1
DA:2,1
DA:4,1
DA:5,35
DA:7,35
DA:8,35
DA:9,35
DA:10,35
DA:11,35
DA:12,35
DA:13,35
DA:15,35
DA:16,35
DA:17,35
DA:18,35
DA:19,35
DA:20,35
DA:21,35
DA:22,35
DA:24,35
DA:25,35
DA:26,35
DA:27,35
DA:28,35
DA:29,35
DA:30,35
DA:31,35
DA:32,35
DA:34,35
DA:36,35
DA:37,35
DA:38,35
DA:39,35
DA:40,35
DA:42,35
DA:43,35
DA:44,35
DA:45,35
DA:46,140
DA:47,140
DA:48,35
DA:49,35
DA:50,35
DA:51,140
DA:52,140
DA:53,140
DA:54,140
DA:55,140
DA:56,140
DA:57,35
DA:58,105
DA:59,140
DA:60,140
DA:61,35
DA:62,105
DA:63,140
DA:65,140
DA:66,140
DA:67,140
DA:68,140
DA:69,140
DA:70,140
DA:71,140
DA:72,140
DA:73,35
DA:74,105
DA:75,140
DA:76,140
DA:77,140
DA:78,140
DA:79,140
DA:80,140
DA:81,140
DA:82,35
DA:83,105
DA:84,140
DA:85,140
DA:86,35
DA:87,105
DA:88,140
DA:90,140
DA:91,140
DA:92,140
DA:93,35
DA:94,35
DA:95,35
DA:96,35
DA:97,35
DA:98,35
DA:99,35
DA:101,140
DA:102,140
DA:103,140
DA:104,140
DA:105,140
DA:106,140
DA:107,35
DA:108,105
DA:109,140
DA:110,140
DA:111,35
DA:112,105
DA:113,140
DA:115,140
DA:116,140
DA:117,140
DA:118,35
DA:119,35
DA:120,35
DA:122,35
DA:123,35
DA:124,35
DA:125,35
DA:126,35
DA:127,35
DA:128,35
DA:129,35
DA:130,35
DA:131,35
DA:133,35
DA:134,35
DA:135,35
DA:136,35
DA:137,35
DA:139,35
DA:141,1
DA:142,1
DA:143,1
DA:144,1
DA:145,1
DA:146,1
DA:147,1
DA:148,1
DA:149,1
DA:150,1
DA:151,1
DA:153,1
LF:137
LH:137
BRDA:4,0,0,35
BRDA:45,1,0,140
BRDA:49,2,0,171
BRDA:50,3,0,140
BRDA:56,4,0,35
BRDA:57,5,0,105
BRDA:60,6,0,35
BRDA:61,7,0,105
BRDA:72,8,0,35
BRDA:73,9,0,105
BRDA:81,10,0,35
BRDA:82,11,0,105
BRDA:85,12,0,35
BRDA:86,13,0,105
BRDA:92,14,0,35
BRDA:106,15,0,35
BRDA:107,16,0,105
BRDA:110,17,0,35
BRDA:111,18,0,105
BRF:19
BRH:19
end_of_record
TN:
SF:src/components/index.js
FNF:0
FNH:0
DA:1,1
DA:2,1
DA:3,1
DA:4,1
DA:6,1
DA:7,1
DA:8,1
DA:9,1
DA:10,1
DA:11,1
DA:12,1
DA:13,1
DA:14,1
DA:15,1
LF:14
LH:14
BRF:0
BRH:0
end_of_record
TN:
SF:src/config/ruleSets.js
FN:16,evaluateWinner
FN:37,evaluateWinner
FN:61,evaluateWinner
FNF:3
FNH:3
FNDA:13,evaluateWinner
FNDA:14,evaluateWinner
FNDA:17,evaluateWinner
DA:1,1
DA:2,1
DA:3,1
DA:4,1
DA:6,1
DA:7,1
DA:8,1
DA:9,1
DA:10,1
DA:11,1
DA:12,1
DA:13,1
DA:14,1
DA:15,1
DA:16,1
DA:17,13
DA:18,13
DA:19,13
DA:20,43
DA:21,20
DA:22,20
DA:23,20
DA:24,13
DA:25,13
DA:26,1
DA:27,1
DA:28,1
DA:29,1
DA:30,1
DA:31,1
DA:32,1
DA:33,1
DA:34,1
DA:35,1
DA:36,1
DA:37,1
DA:38,14
DA:39,14
DA:40,14
DA:41,14
DA:42,14
DA:43,14
DA:44,49
DA:45,21
DA:46,21
DA:47,21
DA:48,14
DA:49,14
DA:50,1
DA:51,1
DA:52,1
DA:53,1
DA:54,1
DA:55,1
DA:56,1
DA:57,1
DA:58,1
DA:59,1
DA:60,1
DA:61,1
DA:62,17
DA:63,17
DA:64,17
DA:66,17
DA:67,17
DA:68,17
DA:69,17
DA:71,17
DA:72,12
DA:73,12
DA:74,12
DA:75,23
DA:76,17
DA:77,17
DA:78,17
DA:79,12
DA:80,12
DA:81,12
DA:83,4
DA:84,4
DA:85,4
DA:86,4
DA:87,13
DA:88,6
DA:89,6
DA:90,6
DA:91,4
DA:92,4
DA:93,1
DA:94,1
DA:95,1
DA:97,1
LF:92
LH:92
BRDA:16,0,0,13
BRDA:19,1,0,43
BRDA:20,2,0,20
BRDA:37,3,0,14
BRDA:43,4,0,49
BRDA:44,5,0,27
BRDA:44,6,0,21
BRDA:61,7,0,17
BRDA:71,8,0,12
BRDA:81,9,0,4
BRDA:68,10,0,58
BRDA:74,11,0,23
BRDA:75,12,0,17
BRDA:86,13,0,13
BRDA:87,14,0,6
BRDA:87,15,0,6
BRF:16
BRH:16
end_of_record
TN:
SF:src/constants/gameConstants.js
FNF:0
FNH:0
DA:1,1
DA:2,1
DA:3,1
DA:4,1
DA:6,1
DA:7,1
DA:8,1
DA:9,1
DA:10,1
DA:11,1
DA:12,1
DA:13,1
DA:14,1
DA:15,1
DA:17,1
DA:18,1
DA:19,1
DA:20,1
DA:21,1
DA:22,1
DA:23,1
DA:25,1
DA:26,1
DA:28,1
DA:29,1
DA:31,1
DA:32,1
DA:34,1
DA:35,1
DA:36,1
DA:38,1
DA:39,1
DA:40,1
DA:41,1
DA:42,1
DA:43,1
DA:44,1
DA:45,1
DA:46,1
DA:47,1
DA:49,1
DA:50,1
DA:51,1
DA:52,1
DA:53,1
DA:54,1
DA:55,1
DA:57,1
DA:58,1
DA:59,1
DA:60,1
DA:61,1
DA:62,1
DA:63,1
DA:64,1
DA:66,1
DA:67,1
DA:68,1
DA:69,1
DA:70,1
DA:71,1
DA:72,1
DA:73,1
DA:75,1
DA:76,1
DA:77,1
DA:78,1
DA:79,1
LF:68
LH:68
BRF:0
BRH:0
end_of_record
TN:
SF:src/constants/index.js
FNF:0
FNH:0
DA:1,1
LF:1
LH:1
BRF:0
BRH:0
end_of_record
TN:
SF:src/hooks/index.js
FN:1,(empty-report)
FNF:1
FNH:0
FNDA:0,(empty-report)
DA:1,0
DA:2,0
DA:3,0
DA:4,0
LF:4
LH:0
BRDA:1,0,0,0
BRF:1
BRH:0
end_of_record
TN:
SF:src/hooks/useAppLoading.js
FN:11,useAppLoading
FN:17,loadApp
FNF:2
FNH:2
FNDA:49,useAppLoading
FNDA:23,loadApp
DA:1,1
DA:2,1
DA:4,1
DA:5,1
DA:6,1
DA:7,1
DA:8,1
DA:9,1
DA:10,1
DA:11,1
DA:12,49
DA:13,49
DA:15,49
DA:16,49
DA:17,23
DA:18,23
DA:19,23
DA:20,23
DA:21,23
DA:23,23
DA:24,23
DA:25,8
DA:26,23
DA:27,23
DA:29,23
DA:30,49
DA:32,49
DA:33,49
DA:34,9
DA:35,49
DA:37,49
DA:38,49
DA:39,49
DA:40,49
DA:41,49
DA:42,49
DA:44,1
LF:37
LH:37
BRDA:11,0,0,49
BRDA:16,1,0,23
BRDA:17,2,0,23
BRDA:24,3,0,8
BRDA:33,4,0,9
BRF:5
BRH:5
end_of_record
TN:
SF:src/hooks/useGameLogic.js
FN:21,useGameLogic
FN:41,shuffleDeck
FN:96,getRandomCard
FNF:3
FNH:2
FNDA:110,useGameLogic
FNDA:14,shuffleDeck
FNDA:0,getRandomCard
DA:1,1
DA:2,1
DA:3,1
DA:12,1
DA:14,1
DA:15,1
DA:16,1
DA:17,1
DA:18,1
DA:19,1
DA:20,1
DA:21,1
DA:22,110
DA:23,110
DA:24,110
DA:25,110
DA:27,110
DA:28,110
DA:29,110
DA:30,110
DA:31,110
DA:32,110
DA:34,110
DA:35,110
DA:36,110
DA:38,110
DA:39,110
DA:40,110
DA:41,110
DA:42,14
DA:43,14
DA:44,714
DA:45,714
DA:46,714
DA:47,14
DA:48,110
DA:50,110
DA:51,110
DA:52,110
DA:53,110
DA:54,14
DA:55,14
DA:56,56
DA:57,728
DA:58,728
DA:59,728
DA:60,728
DA:61,728
DA:62,728
DA:63,728
DA:64,14
DA:65,14
DA:66,110
DA:68,110
DA:69,110
DA:70,110
DA:71,110
DA:72,14
DA:73,14
DA:74,14
DA:75,56
DA:76,56
DA:77,56
DA:78,56
DA:79,56
DA:80,14
DA:81,14
DA:82,14
DA:83,110
DA:85,110
DA:86,110
DA:87,110
DA:88,110
DA:89,110
DA:90,110
DA:91,110
DA:93,110
DA:94,110
DA:95,110
DA:96,110
DA:97,0
DA:98,0
DA:99,110
DA:101,110
DA:102,110
DA:103,110
DA:104,110
DA:105,110
DA:106,3
DA:107,3
DA:108,3
DA:109,110
DA:110,110
DA:111,110
DA:113,110
DA:114,110
DA:115,110
DA:116,110
DA:117,110
DA:118,0
DA:120,0
DA:121,0
DA:122,0
DA:123,0
DA:125,0
DA:126,0
DA:128,0
DA:129,0
DA:131,0
DA:132,0
DA:133,0
DA:134,0
DA:135,0
DA:136,0
DA:137,0
DA:138,0
DA:139,0
DA:140,0
DA:141,0
DA:142,0
DA:144,0
DA:145,0
DA:146,0
DA:147,0
DA:148,0
DA:149,0
DA:150,0
DA:151,0
DA:152,0
DA:153,0
DA:154,0
DA:155,0
DA:156,0
DA:157,0
DA:158,0
DA:159,0
DA:160,0
DA:161,0
DA:162,0
DA:163,110
DA:164,110
DA:165,110
DA:167,110
DA:168,110
DA:169,110
DA:170,110
DA:171,110
DA:172,0
DA:173,0
DA:174,0
DA:175,0
DA:177,0
DA:178,0
DA:179,0
DA:180,0
DA:181,0
DA:182,0
DA:184,0
DA:185,0
DA:187,0
DA:188,0
DA:189,0
DA:190,0
DA:191,0
DA:192,0
DA:193,0
DA:194,0
DA:195,0
DA:196,0
DA:197,0
DA:198,0
DA:199,0
DA:200,110
DA:201,110
DA:202,110
DA:204,110
DA:205,110
DA:206,110
DA:207,110
DA:208,110
DA:209,3
DA:211,2
DA:212,3
DA:214,1
DA:215,1
DA:216,1
DA:217,1
DA:218,1
DA:220,1
DA:221,1
DA:223,1
DA:224,1
DA:225,1
DA:227,3
DA:228,0
DA:229,0
DA:230,0
DA:231,3
DA:232,1
DA:233,1
DA:234,1
DA:235,1
DA:236,0
DA:237,1
DA:238,1
DA:239,1
DA:240,110
DA:241,110
DA:242,110
DA:244,110
DA:245,110
DA:246,110
DA:247,110
DA:248,18
DA:250,17
DA:251,17
DA:252,17
DA:254,17
DA:255,14
DA:256,14
DA:257,12
DA:258,12
DA:259,12
DA:260,14
DA:261,17
DA:262,110
DA:264,110
DA:265,110
DA:266,110
DA:267,110
DA:268,6
DA:269,6
DA:270,6
DA:271,6
DA:272,6
DA:273,6
DA:274,6
DA:275,6
DA:276,110
DA:278,110
DA:279,110
DA:280,110
DA:281,0
DA:282,0
DA:283,0
DA:284,0
DA:285,0
DA:286,0
DA:287,0
DA:288,0
DA:289,0
DA:290,0
DA:291,110
DA:292,110
DA:293,110
DA:295,110
DA:296,110
DA:297,0
DA:298,0
DA:299,110
DA:300,110
DA:301,110
DA:303,110
DA:304,110
DA:305,0
DA:306,0
DA:307,0
DA:308,0
DA:309,0
DA:310,0
DA:311,0
DA:312,0
DA:313,0
DA:314,0
DA:315,0
DA:316,0
DA:317,110
DA:318,110
DA:319,110
DA:321,110
DA:322,110
DA:323,110
DA:324,1
DA:325,1
DA:326,1
DA:327,1
DA:328,1
DA:329,1
DA:330,1
DA:331,0
DA:332,110
DA:333,110
DA:334,110
DA:336,110
DA:337,1
DA:338,110
DA:340,110
DA:341,110
DA:342,1
DA:343,1
DA:344,0
DA:345,0
DA:346,110
DA:347,110
DA:348,110
DA:350,110
DA:351,1
DA:352,110
DA:354,110
DA:355,110
DA:356,110
DA:358,110
DA:359,110
DA:360,110
DA:361,110
DA:362,110
DA:363,110
DA:364,110
DA:365,110
DA:366,110
DA:367,110
DA:368,110
DA:369,110
DA:371,110
DA:372,110
DA:373,110
DA:374,110
DA:375,110
DA:377,110
DA:378,110
DA:379,110
DA:380,110
DA:381,110
DA:383,110
DA:384,110
DA:385,110
DA:386,110
DA:388,110
DA:389,110
DA:390,110
DA:391,110
DA:392,110
DA:394,1
LF:343
LH:245
BRDA:21,0,0,110
BRDA:41,1,0,14
BRDA:43,2,0,714
BRDA:53,3,0,14
BRDA:55,4,0,56
BRDA:56,5,0,728
BRDA:61,6,0,56
BRDA:61,7,0,672
BRDA:71,8,0,14
BRDA:74,9,0,56
BRDA:89,10,0,110
BRDA:105,11,0,3
BRDA:107,12,0,4
BRDA:208,13,0,3
BRDA:209,14,0,1
BRDA:209,15,0,2
BRDA:212,16,0,1
BRDA:227,17,0,0
BRDA:231,18,0,1
BRDA:211,19,0,3
BRDA:216,20,0,7
BRDA:233,21,0,1
BRDA:247,22,0,18
BRDA:248,23,0,1
BRDA:248,24,0,17
BRDA:251,25,0,17
BRDA:254,26,0,14
BRDA:256,27,0,12
BRDA:258,28,0,12
BRDA:267,29,0,6
BRDA:273,30,0,24
BRDA:323,31,0,1
BRDA:330,32,0,0
BRDA:336,33,0,1
BRDA:341,34,0,1
BRDA:343,35,0,0
BRDA:343,36,0,0
BRDA:350,37,0,1
BRF:38
BRH:34
end_of_record
TN:
SF:src/hooks/useTheme.js
FN:10,useTheme
FNF:1
FNH:1
FNDA:57,useTheme
DA:1,1
DA:2,1
DA:4,1
DA:5,1
DA:6,1
DA:7,1
DA:8,1
DA:9,1
DA:10,1
DA:11,57
DA:12,31
DA:13,31
DA:14,31
DA:15,0
DA:16,57
DA:18,57
DA:19,57
DA:20,45
DA:21,45
DA:22,57
DA:24,57
DA:25,57
DA:26,11
DA:27,57
DA:29,57
DA:30,57
DA:31,57
DA:32,57
DA:33,57
DA:34,57
DA:35,57
DA:36,57
DA:38,1
LF:33
LH:32
BRDA:10,0,0,57
BRDA:11,1,0,31
BRDA:13,2,0,20
BRDA:14,3,0,0
BRDA:19,4,0,45
BRDA:25,5,0,11
BRDA:26,6,0,11
BRDA:26,7,0,6
BRDA:26,8,0,5
BRF:9
BRH:8
end_of_record
TN:
SF:src/hooks/useWindowSize.js
FN:8,useWindowSize
FN:15,updateWindowSize
FNF:2
FNH:2
FNDA:87,useWindowSize
FNDA:147,updateWindowSize
DA:1,1
DA:3,1
DA:4,1
DA:5,1
DA:6,1
DA:7,1
DA:8,1
DA:9,87
DA:10,87
DA:11,87
DA:12,87
DA:14,87
DA:15,37
DA:16,147
DA:17,147
DA:18,147
DA:19,147
DA:20,37
DA:22,37
DA:23,37
DA:25,37
DA:26,37
DA:28,37
DA:29,37
DA:30,87
DA:32,87
DA:33,87
DA:35,1
LF:28
LH:28
BRDA:8,0,0,87
BRDA:10,1,0,0
BRDA:11,2,0,0
BRDA:14,3,0,37
BRDA:15,4,0,147
BRDA:29,5,0,37
BRF:6
BRH:4
end_of_record
TN:
SF:src/styles/index.js
FN:1,(empty-report)
FNF:1
FNH:0
FNDA:0,(empty-report)
DA:1,0
DA:2,0
DA:3,0
DA:4,0
DA:6,0
LF:5
LH:0
BRDA:1,0,0,0
BRF:1
BRH:0
end_of_record
TN:
SF:src/utils/cardHelpers.jsx
FN:12,getSuitIcon
FN:27,getRankDisplay
FN:37,getCardColor
FNF:3
FNH:3
FNDA:425,getSuitIcon
FNDA:444,getRankDisplay
FNDA:432,getCardColor
DA:5,1
DA:12,1
DA:13,425
DA:14,425
DA:15,425
DA:16,425
DA:17,425
DA:18,425
DA:19,425
DA:20,425
DA:27,1
DA:28,444
DA:29,444
DA:30,444
DA:37,1
DA:38,342
DA:39,90
LF:17
LH:17
BRDA:12,0,0,425
BRDA:27,1,0,444
BRDA:29,2,0,393
BRDA:37,3,0,432
BRDA:37,4,0,192
BRDA:37,5,0,342
BRDA:38,6,0,90
BRF:7
BRH:7
end_of_record
TN:
SF:src/utils/index.js
FN:1,(empty-report)
FNF:1
FNH:0
FNDA:0,(empty-report)
DA:1,0
DA:2,0
DA:3,0
DA:4,0
DA:6,0
DA:7,0
LF:6
LH:0
BRDA:1,0,0,0
BRF:1
BRH:0
end_of_record
TN:
SF:src/utils/patterns.js
FN:24,getPatternStyle
FNF:1
FNH:1
FNDA:385,getPatternStyle
DA:1,1
DA:2,1
DA:3,1
DA:4,1
DA:6,1
DA:7,1
DA:8,1
DA:9,1
DA:10,1
DA:11,1
DA:12,1
DA:13,1
DA:14,1
DA:15,1
DA:16,1
DA:18,1
DA:19,1
DA:20,1
DA:21,1
DA:22,1
DA:23,1
DA:24,1
DA:25,385
DA:26,385
DA:28,385
DA:29,385
DA:30,295
DA:31,295
DA:32,295
DA:33,295
DA:34,295
DA:35,295
DA:36,295
DA:37,295
DA:38,295
DA:39,385
DA:40,18
DA:41,18
DA:42,18
DA:43,18
DA:44,18
DA:45,18
DA:46,18
DA:47,18
DA:48,18
DA:49,18
DA:50,385
DA:51,15
DA:52,15
DA:53,15
DA:54,15
DA:55,15
DA:56,15
DA:57,15
DA:58,15
DA:59,385
DA:60,22
DA:61,22
DA:62,22
DA:63,22
DA:64,385
DA:65,14
DA:66,14
DA:67,14
DA:68,14
DA:69,14
DA:70,14
DA:71,14
DA:72,385
DA:73,21
DA:74,21
DA:75,21
DA:76,21
DA:77,385
DA:78,385
LF:75
LH:75
BRDA:24,0,0,385
BRDA:29,1,0,295
BRDA:39,2,0,18
BRDA:50,3,0,15
BRDA:59,4,0,22
BRDA:64,5,0,14
BRDA:72,6,0,21
BRF:7
BRH:7
end_of_record
